[2019-05-23 18:59:53,692-figure.py-DEBUG:Executing constrainedlayout]
[2019-05-23 18:59:53,694-_constrained_layout.py-DEBUG:LayoutBox: gridspec000000.ss000001.ax000002, (left: 0.000) (bot: 0.000) (right: 0.000)  (top: 0.000) ]
[2019-05-23 18:59:53,728-font_manager.py-DEBUG:findfont: Matching :family=sans-serif:style=normal:variant=normal:weight=normal:stretch=normal:size=10.0 to DejaVu Sans ('E:\\Python36\\lib\\site-packages\\matplotlib\\mpl-data\\fonts\\ttf\\DejaVuSans.ttf') with score of 0.050000.]
[2019-05-23 18:59:53,735-_base.py-DEBUG:update_title_pos]
[2019-05-23 18:59:53,741-font_manager.py-DEBUG:findfont: Matching :family=sans-serif:style=normal:variant=normal:weight=normal:stretch=normal:size=12.0 to DejaVu Sans ('E:\\Python36\\lib\\site-packages\\matplotlib\\mpl-data\\fonts\\ttf\\DejaVuSans.ttf') with score of 0.050000.]
[2019-05-23 18:59:53,776-_constrained_layout.py-DEBUG:left 0.127043]
[2019-05-23 18:59:53,777-_constrained_layout.py-DEBUG:right 0.020500]
[2019-05-23 18:59:53,777-_constrained_layout.py-DEBUG:bottom 0.106855]
[2019-05-23 18:59:53,778-_constrained_layout.py-DEBUG:LayoutBox: gridspec000000.ss000001.ax000002, (left: 0.000) (bot: 0.000) (right: 1.000)  (top: 1.000) ]
[2019-05-23 18:59:53,785-_base.py-DEBUG:update_title_pos]
[2019-05-23 18:59:53,809-_constrained_layout.py-DEBUG:left 0.127043]
[2019-05-23 18:59:53,809-_constrained_layout.py-DEBUG:right 0.020500]
[2019-05-23 18:59:53,809-_constrained_layout.py-DEBUG:bottom 0.106855]
[2019-05-23 18:59:53,811-_base.py-DEBUG:update_title_pos]
[2019-05-24 17:06:00,154-figure.py-DEBUG:Executing constrainedlayout]
[2019-05-24 17:06:00,242-_constrained_layout.py-DEBUG:LayoutBox: gridspec000000.ss000001.ax000002, (left: 0.000) (bot: 0.000) (right: 0.000)  (top: 0.000) ]
[2019-05-24 17:06:00,276-font_manager.py-DEBUG:findfont: Matching :family=sans-serif:style=normal:variant=normal:weight=normal:stretch=normal:size=10.0 to DejaVu Sans ('E:\\Python36\\lib\\site-packages\\matplotlib\\mpl-data\\fonts\\ttf\\DejaVuSans.ttf') with score of 0.050000.]
[2019-05-24 17:06:00,353-_base.py-DEBUG:update_title_pos]
[2019-05-24 17:06:00,359-font_manager.py-DEBUG:findfont: Matching :family=sans-serif:style=normal:variant=normal:weight=normal:stretch=normal:size=12.0 to DejaVu Sans ('E:\\Python36\\lib\\site-packages\\matplotlib\\mpl-data\\fonts\\ttf\\DejaVuSans.ttf') with score of 0.050000.]
[2019-05-24 17:06:00,398-_constrained_layout.py-DEBUG:left 0.127043]
[2019-05-24 17:06:00,399-_constrained_layout.py-DEBUG:right 0.020500]
[2019-05-24 17:06:00,399-_constrained_layout.py-DEBUG:bottom 0.106855]
[2019-05-24 17:06:00,400-_constrained_layout.py-DEBUG:LayoutBox: gridspec000000.ss000001.ax000002, (left: 0.000) (bot: 0.000) (right: 1.000)  (top: 1.000) ]
[2019-05-24 17:06:00,410-_base.py-DEBUG:update_title_pos]
[2019-05-24 17:06:00,442-_constrained_layout.py-DEBUG:left 0.127043]
[2019-05-24 17:06:00,443-_constrained_layout.py-DEBUG:right 0.020500]
[2019-05-24 17:06:00,443-_constrained_layout.py-DEBUG:bottom 0.106855]
[2019-05-24 17:06:00,445-_base.py-DEBUG:update_title_pos]
[2019-05-24 17:06:29,542-figure.py-DEBUG:Executing constrainedlayout]
[2019-05-24 17:06:29,543-_constrained_layout.py-DEBUG:LayoutBox: gridspec000000.ss000001.ax000002, (left: 0.000) (bot: 0.000) (right: 0.000)  (top: 0.000) ]
[2019-05-24 17:06:29,565-font_manager.py-DEBUG:findfont: Matching :family=sans-serif:style=normal:variant=normal:weight=normal:stretch=normal:size=10.0 to DejaVu Sans ('E:\\Python36\\lib\\site-packages\\matplotlib\\mpl-data\\fonts\\ttf\\DejaVuSans.ttf') with score of 0.050000.]
[2019-05-24 17:06:29,571-_base.py-DEBUG:update_title_pos]
[2019-05-24 17:06:29,606-_constrained_layout.py-DEBUG:left 0.150105]
[2019-05-24 17:06:29,607-_constrained_layout.py-DEBUG:right 0.020500]
[2019-05-24 17:06:29,607-_constrained_layout.py-DEBUG:bottom 0.106855]
[2019-05-24 17:06:29,608-_constrained_layout.py-DEBUG:LayoutBox: gridspec000000.ss000001.ax000002, (left: 0.000) (bot: 0.000) (right: 1.000)  (top: 1.000) ]
[2019-05-24 17:06:29,615-_base.py-DEBUG:update_title_pos]
[2019-05-24 17:06:29,637-_constrained_layout.py-DEBUG:left 0.150105]
[2019-05-24 17:06:29,638-_constrained_layout.py-DEBUG:right 0.020500]
[2019-05-24 17:06:29,638-_constrained_layout.py-DEBUG:bottom 0.106855]
[2019-05-24 17:06:29,639-_base.py-DEBUG:update_title_pos]
[2019-05-24 17:06:38,653-figure.py-DEBUG:Executing constrainedlayout]
[2019-05-24 17:06:38,654-_constrained_layout.py-DEBUG:LayoutBox: gridspec000003.ss000004.ax000005, (left: 0.000) (bot: 0.000) (right: 0.000)  (top: 0.000) ]
[2019-05-24 17:06:38,670-_base.py-DEBUG:update_title_pos]
[2019-05-24 17:06:38,675-font_manager.py-DEBUG:findfont: Matching :family=sans-serif:style=normal:variant=normal:weight=normal:stretch=normal:size=12.0 to DejaVu Sans ('E:\\Python36\\lib\\site-packages\\matplotlib\\mpl-data\\fonts\\ttf\\DejaVuSans.ttf') with score of 0.050000.]
[2019-05-24 17:06:38,706-_constrained_layout.py-DEBUG:left 0.127043]
[2019-05-24 17:06:38,706-_constrained_layout.py-DEBUG:right 0.020500]
[2019-05-24 17:06:38,706-_constrained_layout.py-DEBUG:bottom 0.106855]
[2019-05-24 17:06:38,706-_constrained_layout.py-DEBUG:LayoutBox: gridspec000003.ss000004.ax000005, (left: 0.000) (bot: 0.000) (right: 1.000)  (top: 1.000) ]
[2019-05-24 17:06:38,713-_base.py-DEBUG:update_title_pos]
[2019-05-24 17:06:38,734-_constrained_layout.py-DEBUG:left 0.127043]
[2019-05-24 17:06:38,734-_constrained_layout.py-DEBUG:right 0.020500]
[2019-05-24 17:06:38,734-_constrained_layout.py-DEBUG:bottom 0.106855]
[2019-05-24 17:06:38,735-_base.py-DEBUG:update_title_pos]
[2019-05-24 17:06:39,691-figure.py-DEBUG:Executing constrainedlayout]
[2019-05-24 17:06:39,691-_constrained_layout.py-DEBUG:LayoutBox: gridspec000006.ss000007.ax000008, (left: 0.000) (bot: 0.000) (right: 0.000)  (top: 0.000) ]
[2019-05-24 17:06:39,708-_base.py-DEBUG:update_title_pos]
[2019-05-24 17:06:39,738-_constrained_layout.py-DEBUG:left 0.150105]
[2019-05-24 17:06:39,739-_constrained_layout.py-DEBUG:right 0.020500]
[2019-05-24 17:06:39,739-_constrained_layout.py-DEBUG:bottom 0.106855]
[2019-05-24 17:06:39,739-_constrained_layout.py-DEBUG:LayoutBox: gridspec000006.ss000007.ax000008, (left: 0.000) (bot: 0.000) (right: 1.000)  (top: 1.000) ]
[2019-05-24 17:06:39,746-_base.py-DEBUG:update_title_pos]
[2019-05-24 17:06:39,767-_constrained_layout.py-DEBUG:left 0.150105]
[2019-05-24 17:06:39,767-_constrained_layout.py-DEBUG:right 0.020500]
[2019-05-24 17:06:39,767-_constrained_layout.py-DEBUG:bottom 0.106855]
[2019-05-24 17:06:39,768-_base.py-DEBUG:update_title_pos]
[2019-05-24 17:06:54,685-figure.py-DEBUG:Executing constrainedlayout]
[2019-05-24 17:06:54,685-_constrained_layout.py-DEBUG:LayoutBox: gridspec000009.ss000010.ax000011, (left: 0.000) (bot: 0.000) (right: 0.000)  (top: 0.000) ]
[2019-05-24 17:06:54,701-_base.py-DEBUG:update_title_pos]
[2019-05-24 17:06:54,732-_constrained_layout.py-DEBUG:left 0.127043]
[2019-05-24 17:06:54,733-_constrained_layout.py-DEBUG:right 0.020500]
[2019-05-24 17:06:54,733-_constrained_layout.py-DEBUG:bottom 0.106855]
[2019-05-24 17:06:54,733-_constrained_layout.py-DEBUG:LayoutBox: gridspec000009.ss000010.ax000011, (left: 0.000) (bot: 0.000) (right: 1.000)  (top: 1.000) ]
[2019-05-24 17:06:54,740-_base.py-DEBUG:update_title_pos]
[2019-05-24 17:06:54,761-_constrained_layout.py-DEBUG:left 0.127043]
[2019-05-24 17:06:54,762-_constrained_layout.py-DEBUG:right 0.020500]
[2019-05-24 17:06:54,762-_constrained_layout.py-DEBUG:bottom 0.106855]
[2019-05-24 17:06:54,762-_base.py-DEBUG:update_title_pos]
[2019-05-24 17:07:28,206-figure.py-DEBUG:Executing constrainedlayout]
[2019-05-24 17:07:28,206-_constrained_layout.py-DEBUG:LayoutBox: gridspec000000.ss000001.ax000002, (left: 0.000) (bot: 0.000) (right: 0.000)  (top: 0.000) ]
[2019-05-24 17:07:28,239-font_manager.py-DEBUG:findfont: Matching :family=sans-serif:style=normal:variant=normal:weight=normal:stretch=normal:size=10.0 to DejaVu Sans ('E:\\Python36\\lib\\site-packages\\matplotlib\\mpl-data\\fonts\\ttf\\DejaVuSans.ttf') with score of 0.050000.]
[2019-05-24 17:07:28,246-_base.py-DEBUG:update_title_pos]
[2019-05-24 17:07:28,290-_constrained_layout.py-DEBUG:left 0.150105]
[2019-05-24 17:07:28,290-_constrained_layout.py-DEBUG:right 0.020500]
[2019-05-24 17:07:28,291-_constrained_layout.py-DEBUG:bottom 0.106855]
[2019-05-24 17:07:28,291-_constrained_layout.py-DEBUG:LayoutBox: gridspec000000.ss000001.ax000002, (left: 0.000) (bot: 0.000) (right: 1.000)  (top: 1.000) ]
[2019-05-24 17:07:28,301-_base.py-DEBUG:update_title_pos]
[2019-05-24 17:07:28,336-_constrained_layout.py-DEBUG:left 0.150105]
[2019-05-24 17:07:28,336-_constrained_layout.py-DEBUG:right 0.020500]
[2019-05-24 17:07:28,336-_constrained_layout.py-DEBUG:bottom 0.106855]
[2019-05-24 17:07:28,338-_base.py-DEBUG:update_title_pos]
[2019-05-24 17:07:31,893-figure.py-DEBUG:Executing constrainedlayout]
[2019-05-24 17:07:31,893-_constrained_layout.py-DEBUG:LayoutBox: gridspec000003.ss000004.ax000005, (left: 0.000) (bot: 0.000) (right: 0.000)  (top: 0.000) ]
[2019-05-24 17:07:31,909-_base.py-DEBUG:update_title_pos]
[2019-05-24 17:07:31,914-font_manager.py-DEBUG:findfont: Matching :family=sans-serif:style=normal:variant=normal:weight=normal:stretch=normal:size=12.0 to DejaVu Sans ('E:\\Python36\\lib\\site-packages\\matplotlib\\mpl-data\\fonts\\ttf\\DejaVuSans.ttf') with score of 0.050000.]
[2019-05-24 17:07:31,945-_constrained_layout.py-DEBUG:left 0.127043]
[2019-05-24 17:07:31,945-_constrained_layout.py-DEBUG:right 0.020500]
[2019-05-24 17:07:31,945-_constrained_layout.py-DEBUG:bottom 0.106855]
[2019-05-24 17:07:31,946-_constrained_layout.py-DEBUG:LayoutBox: gridspec000003.ss000004.ax000005, (left: 0.000) (bot: 0.000) (right: 1.000)  (top: 1.000) ]
[2019-05-24 17:07:31,953-_base.py-DEBUG:update_title_pos]
[2019-05-24 17:07:31,975-_constrained_layout.py-DEBUG:left 0.127043]
[2019-05-24 17:07:31,975-_constrained_layout.py-DEBUG:right 0.020500]
[2019-05-24 17:07:31,975-_constrained_layout.py-DEBUG:bottom 0.106855]
[2019-05-24 17:07:31,976-_base.py-DEBUG:update_title_pos]
[2019-05-24 17:09:44,098-figure.py-DEBUG:Executing constrainedlayout]
[2019-05-24 17:09:44,099-_constrained_layout.py-DEBUG:LayoutBox: gridspec000000.ss000001.ax000002, (left: 0.000) (bot: 0.000) (right: 0.000)  (top: 0.000) ]
[2019-05-24 17:09:44,131-font_manager.py-DEBUG:findfont: Matching :family=sans-serif:style=normal:variant=normal:weight=normal:stretch=normal:size=10.0 to DejaVu Sans ('E:\\Python36\\lib\\site-packages\\matplotlib\\mpl-data\\fonts\\ttf\\DejaVuSans.ttf') with score of 0.050000.]
[2019-05-24 17:09:44,138-_base.py-DEBUG:update_title_pos]
[2019-05-24 17:09:44,176-_constrained_layout.py-DEBUG:left 0.150105]
[2019-05-24 17:09:44,177-_constrained_layout.py-DEBUG:right 0.020500]
[2019-05-24 17:09:44,177-_constrained_layout.py-DEBUG:bottom 0.106855]
[2019-05-24 17:09:44,178-_constrained_layout.py-DEBUG:LayoutBox: gridspec000000.ss000001.ax000002, (left: 0.000) (bot: 0.000) (right: 1.000)  (top: 1.000) ]
[2019-05-24 17:09:44,187-_base.py-DEBUG:update_title_pos]
[2019-05-24 17:09:44,219-_constrained_layout.py-DEBUG:left 0.150105]
[2019-05-24 17:09:44,220-_constrained_layout.py-DEBUG:right 0.020500]
[2019-05-24 17:09:44,220-_constrained_layout.py-DEBUG:bottom 0.106855]
[2019-05-24 17:09:44,222-_base.py-DEBUG:update_title_pos]
[2019-05-24 17:09:49,229-figure.py-DEBUG:Executing constrainedlayout]
[2019-05-24 17:09:49,229-_constrained_layout.py-DEBUG:LayoutBox: gridspec000003.ss000004.ax000005, (left: 0.000) (bot: 0.000) (right: 0.000)  (top: 0.000) ]
[2019-05-24 17:09:49,246-_base.py-DEBUG:update_title_pos]
[2019-05-24 17:09:49,250-font_manager.py-DEBUG:findfont: Matching :family=sans-serif:style=normal:variant=normal:weight=normal:stretch=normal:size=12.0 to DejaVu Sans ('E:\\Python36\\lib\\site-packages\\matplotlib\\mpl-data\\fonts\\ttf\\DejaVuSans.ttf') with score of 0.050000.]
[2019-05-24 17:09:49,280-_constrained_layout.py-DEBUG:left 0.127043]
[2019-05-24 17:09:49,280-_constrained_layout.py-DEBUG:right 0.020500]
[2019-05-24 17:09:49,280-_constrained_layout.py-DEBUG:bottom 0.106855]
[2019-05-24 17:09:49,281-_constrained_layout.py-DEBUG:LayoutBox: gridspec000003.ss000004.ax000005, (left: 0.000) (bot: 0.000) (right: 1.000)  (top: 1.000) ]
[2019-05-24 17:09:49,288-_base.py-DEBUG:update_title_pos]
[2019-05-24 17:09:49,310-_constrained_layout.py-DEBUG:left 0.127043]
[2019-05-24 17:09:49,310-_constrained_layout.py-DEBUG:right 0.020500]
[2019-05-24 17:09:49,310-_constrained_layout.py-DEBUG:bottom 0.106855]
[2019-05-24 17:09:49,311-_base.py-DEBUG:update_title_pos]
[2019-05-24 17:09:54,080-PngImagePlugin.py-DEBUG:STREAM b'IHDR' 16 13]
[2019-05-24 17:09:54,080-PngImagePlugin.py-DEBUG:STREAM b'sRGB' 41 1]
[2019-05-24 17:09:54,080-PngImagePlugin.py-DEBUG:STREAM b'gAMA' 54 4]
[2019-05-24 17:09:54,080-PngImagePlugin.py-DEBUG:STREAM b'pHYs' 70 9]
[2019-05-24 17:09:54,081-PngImagePlugin.py-DEBUG:STREAM b'IDAT' 91 65445]
[2019-05-24 17:09:54,197-figure.py-DEBUG:Executing constrainedlayout]
[2019-05-24 17:09:54,198-_constrained_layout.py-DEBUG:LayoutBox: gridspec000006.ss000007.ax000008, (left: 0.000) (bot: 0.000) (right: 0.000)  (top: 0.000) ]
[2019-05-24 17:09:54,217-_base.py-DEBUG:update_title_pos]
[2019-05-24 17:09:54,253-_constrained_layout.py-DEBUG:left 0.076868]
[2019-05-24 17:09:54,254-_constrained_layout.py-DEBUG:right -0.010625]
[2019-05-24 17:09:54,254-_constrained_layout.py-DEBUG:bottom 0.106855]
[2019-05-24 17:09:54,254-_constrained_layout.py-DEBUG:LayoutBox: gridspec000006.ss000007.ax000008, (left: 0.000) (bot: 0.000) (right: 1.000)  (top: 1.000) ]
[2019-05-24 17:09:54,262-_base.py-DEBUG:update_title_pos]
[2019-05-24 17:09:54,285-_constrained_layout.py-DEBUG:left 0.043182]
[2019-05-24 17:09:54,286-_constrained_layout.py-DEBUG:right -0.044310]
[2019-05-24 17:09:54,286-_constrained_layout.py-DEBUG:bottom 0.106855]
[2019-05-24 17:09:54,287-_base.py-DEBUG:update_title_pos]
[2019-05-24 17:18:17,976-figure.py-DEBUG:Executing constrainedlayout]
[2019-05-24 17:18:17,976-_constrained_layout.py-DEBUG:LayoutBox: gridspec000000.ss000001.ax000002, (left: 0.000) (bot: 0.000) (right: 0.000)  (top: 0.000) ]
[2019-05-24 17:18:17,995-font_manager.py-DEBUG:findfont: Matching :family=sans-serif:style=normal:variant=normal:weight=normal:stretch=normal:size=10.0 to DejaVu Sans ('E:\\Python36\\lib\\site-packages\\matplotlib\\mpl-data\\fonts\\ttf\\DejaVuSans.ttf') with score of 0.050000.]
[2019-05-24 17:18:17,999-_base.py-DEBUG:update_title_pos]
[2019-05-24 17:18:18,028-_constrained_layout.py-DEBUG:left -0.051501]
[2019-05-24 17:18:18,029-_constrained_layout.py-DEBUG:right -0.138659]
[2019-05-24 17:18:18,029-_constrained_layout.py-DEBUG:bottom 0.106855]
[2019-05-24 17:18:18,030-_constrained_layout.py-DEBUG:LayoutBox: gridspec000000.ss000001.ax000002, (left: 0.000) (bot: 0.000) (right: 1.000)  (top: 1.000) ]
[2019-05-24 17:18:18,037-_base.py-DEBUG:update_title_pos]
[2019-05-24 17:18:18,069-_constrained_layout.py-DEBUG:left -0.137842]
[2019-05-24 17:18:18,069-_constrained_layout.py-DEBUG:right -0.225334]
[2019-05-24 17:18:18,069-_constrained_layout.py-DEBUG:bottom 0.106855]
[2019-05-24 17:18:18,070-_base.py-DEBUG:update_title_pos]
[2019-05-24 17:21:34,975-figure.py-DEBUG:Executing constrainedlayout]
[2019-05-24 17:21:34,976-_constrained_layout.py-DEBUG:LayoutBox: gridspec000000.ss000001.ax000002, (left: 0.000) (bot: 0.000) (right: 0.000)  (top: 0.000) ]
[2019-05-24 17:21:34,993-font_manager.py-DEBUG:findfont: Matching :family=sans-serif:style=normal:variant=normal:weight=normal:stretch=normal:size=10.0 to DejaVu Sans ('E:\\Python36\\lib\\site-packages\\matplotlib\\mpl-data\\fonts\\ttf\\DejaVuSans.ttf') with score of 0.050000.]
[2019-05-24 17:21:34,998-_base.py-DEBUG:update_title_pos]
[2019-05-24 17:21:35,008-_constrained_layout.py-DEBUG:left -0.137003]
[2019-05-24 17:21:35,009-_constrained_layout.py-DEBUG:right -0.138659]
[2019-05-24 17:21:35,009-_constrained_layout.py-DEBUG:bottom 0.106855]
[2019-05-24 17:21:35,009-_constrained_layout.py-DEBUG:LayoutBox: gridspec000000.ss000001.ax000002, (left: 0.000) (bot: 0.000) (right: 1.000)  (top: 1.000) ]
[2019-05-24 17:21:35,017-_base.py-DEBUG:update_title_pos]
[2019-05-24 17:21:35,025-_constrained_layout.py-DEBUG:left -0.217815]
[2019-05-24 17:21:35,025-_constrained_layout.py-DEBUG:right -0.219376]
[2019-05-24 17:21:35,026-_constrained_layout.py-DEBUG:bottom 0.106855]
[2019-05-24 17:21:35,027-_base.py-DEBUG:update_title_pos]
[2019-05-24 17:27:04,345-figure.py-DEBUG:Executing constrainedlayout]
[2019-05-24 17:27:04,346-_constrained_layout.py-DEBUG:LayoutBox: gridspec000000.ss000001.ax000002, (left: 0.000) (bot: 0.000) (right: 0.000)  (top: 0.000) ]
[2019-05-24 17:27:04,362-font_manager.py-DEBUG:findfont: Matching :family=sans-serif:style=normal:variant=normal:weight=normal:stretch=normal:size=10.0 to DejaVu Sans ('E:\\Python36\\lib\\site-packages\\matplotlib\\mpl-data\\fonts\\ttf\\DejaVuSans.ttf') with score of 0.050000.]
[2019-05-24 17:27:04,370-_base.py-DEBUG:update_title_pos]
[2019-05-24 17:27:04,382-_constrained_layout.py-DEBUG:left -0.137003]
[2019-05-24 17:27:04,383-_constrained_layout.py-DEBUG:right -0.138659]
[2019-05-24 17:27:04,383-_constrained_layout.py-DEBUG:bottom 0.106855]
[2019-05-24 17:27:04,384-_constrained_layout.py-DEBUG:LayoutBox: gridspec000000.ss000001.ax000002, (left: 0.000) (bot: 0.000) (right: 1.000)  (top: 1.000) ]
[2019-05-24 17:27:04,394-_base.py-DEBUG:update_title_pos]
[2019-05-24 17:27:04,402-_constrained_layout.py-DEBUG:left -0.217815]
[2019-05-24 17:27:04,402-_constrained_layout.py-DEBUG:right -0.219376]
[2019-05-24 17:27:04,402-_constrained_layout.py-DEBUG:bottom 0.106855]
[2019-05-24 17:27:04,403-_base.py-DEBUG:update_title_pos]
[2019-05-24 17:28:05,009-figure.py-DEBUG:Executing constrainedlayout]
[2019-05-24 17:28:05,009-_constrained_layout.py-DEBUG:LayoutBox: gridspec000000.ss000001.ax000002, (left: 0.000) (bot: 0.000) (right: 0.000)  (top: 0.000) ]
[2019-05-24 17:28:05,025-font_manager.py-DEBUG:findfont: Matching :family=sans-serif:style=normal:variant=normal:weight=normal:stretch=normal:size=10.0 to DejaVu Sans ('E:\\Python36\\lib\\site-packages\\matplotlib\\mpl-data\\fonts\\ttf\\DejaVuSans.ttf') with score of 0.050000.]
[2019-05-24 17:28:05,030-_base.py-DEBUG:update_title_pos]
[2019-05-24 17:28:05,038-_constrained_layout.py-DEBUG:left -0.137003]
[2019-05-24 17:28:05,039-_constrained_layout.py-DEBUG:right -0.138659]
[2019-05-24 17:28:05,039-_constrained_layout.py-DEBUG:bottom 0.106855]
[2019-05-24 17:28:05,040-_constrained_layout.py-DEBUG:LayoutBox: gridspec000000.ss000001.ax000002, (left: 0.000) (bot: 0.000) (right: 1.000)  (top: 1.000) ]
[2019-05-24 17:28:05,047-_base.py-DEBUG:update_title_pos]
[2019-05-24 17:28:05,054-_constrained_layout.py-DEBUG:left -0.217815]
[2019-05-24 17:28:05,054-_constrained_layout.py-DEBUG:right -0.219376]
[2019-05-24 17:28:05,055-_constrained_layout.py-DEBUG:bottom 0.106855]
[2019-05-24 17:28:05,056-_base.py-DEBUG:update_title_pos]
[2019-05-24 17:28:23,055-figure.py-DEBUG:Executing constrainedlayout]
[2019-05-24 17:28:23,056-_constrained_layout.py-DEBUG:LayoutBox: gridspec000000.ss000001.ax000002, (left: 0.000) (bot: 0.000) (right: 0.000)  (top: 0.000) ]
[2019-05-24 17:28:23,072-font_manager.py-DEBUG:findfont: Matching :family=sans-serif:style=normal:variant=normal:weight=normal:stretch=normal:size=10.0 to DejaVu Sans ('E:\\Python36\\lib\\site-packages\\matplotlib\\mpl-data\\fonts\\ttf\\DejaVuSans.ttf') with score of 0.050000.]
[2019-05-24 17:28:23,077-_base.py-DEBUG:update_title_pos]
[2019-05-24 17:28:23,084-_constrained_layout.py-DEBUG:left -0.137003]
[2019-05-24 17:28:23,085-_constrained_layout.py-DEBUG:right -0.138659]
[2019-05-24 17:28:23,085-_constrained_layout.py-DEBUG:bottom 0.106855]
[2019-05-24 17:28:23,086-_constrained_layout.py-DEBUG:LayoutBox: gridspec000000.ss000001.ax000002, (left: 0.000) (bot: 0.000) (right: 1.000)  (top: 1.000) ]
[2019-05-24 17:28:23,093-_base.py-DEBUG:update_title_pos]
[2019-05-24 17:28:23,100-_constrained_layout.py-DEBUG:left -0.217815]
[2019-05-24 17:28:23,100-_constrained_layout.py-DEBUG:right -0.219376]
[2019-05-24 17:28:23,100-_constrained_layout.py-DEBUG:bottom 0.106855]
[2019-05-24 17:28:23,101-_base.py-DEBUG:update_title_pos]
[2019-05-24 17:29:10,417-PngImagePlugin.py-DEBUG:STREAM b'IHDR' 16 13]
[2019-05-24 17:29:10,418-PngImagePlugin.py-DEBUG:STREAM b'sRGB' 41 1]
[2019-05-24 17:29:10,418-PngImagePlugin.py-DEBUG:STREAM b'gAMA' 54 4]
[2019-05-24 17:29:10,418-PngImagePlugin.py-DEBUG:STREAM b'pHYs' 70 9]
[2019-05-24 17:29:10,418-PngImagePlugin.py-DEBUG:STREAM b'IDAT' 91 65445]
[2019-05-24 17:29:10,513-figure.py-DEBUG:Executing constrainedlayout]
[2019-05-24 17:29:10,514-_constrained_layout.py-DEBUG:LayoutBox: gridspec000000.ss000001.ax000002, (left: 0.000) (bot: 0.000) (right: 0.000)  (top: 0.000) ]
[2019-05-24 17:29:10,531-font_manager.py-DEBUG:findfont: Matching :family=sans-serif:style=normal:variant=normal:weight=normal:stretch=normal:size=10.0 to DejaVu Sans ('E:\\Python36\\lib\\site-packages\\matplotlib\\mpl-data\\fonts\\ttf\\DejaVuSans.ttf') with score of 0.050000.]
[2019-05-24 17:29:10,538-_base.py-DEBUG:update_title_pos]
[2019-05-24 17:29:10,547-_constrained_layout.py-DEBUG:left 0.010146]
[2019-05-24 17:29:10,548-_constrained_layout.py-DEBUG:right 0.008365]
[2019-05-24 17:29:10,548-_constrained_layout.py-DEBUG:bottom 0.106855]
[2019-05-24 17:29:10,548-_constrained_layout.py-DEBUG:LayoutBox: gridspec000000.ss000001.ax000002, (left: 0.000) (bot: 0.000) (right: 1.000)  (top: 1.000) ]
[2019-05-24 17:29:10,564-_base.py-DEBUG:update_title_pos]
[2019-05-24 17:29:10,573-_constrained_layout.py-DEBUG:left -0.040928]
[2019-05-24 17:29:10,573-_constrained_layout.py-DEBUG:right -0.042631]
[2019-05-24 17:29:10,574-_constrained_layout.py-DEBUG:bottom 0.106855]
[2019-05-24 17:29:10,575-_base.py-DEBUG:update_title_pos]
[2019-05-24 17:29:33,998-PngImagePlugin.py-DEBUG:STREAM b'IHDR' 16 13]
[2019-05-24 17:29:33,998-PngImagePlugin.py-DEBUG:STREAM b'sRGB' 41 1]
[2019-05-24 17:29:33,998-PngImagePlugin.py-DEBUG:STREAM b'gAMA' 54 4]
[2019-05-24 17:29:33,998-PngImagePlugin.py-DEBUG:STREAM b'pHYs' 70 9]
[2019-05-24 17:29:33,999-PngImagePlugin.py-DEBUG:STREAM b'IDAT' 91 65445]
[2019-05-24 17:29:34,104-figure.py-DEBUG:Executing constrainedlayout]
[2019-05-24 17:29:34,104-_constrained_layout.py-DEBUG:LayoutBox: gridspec000000.ss000001.ax000002, (left: 0.000) (bot: 0.000) (right: 0.000)  (top: 0.000) ]
[2019-05-24 17:29:34,105-_base.py-DEBUG:update_title_pos]
[2019-05-24 17:29:34,108-_constrained_layout.py-DEBUG:left -0.000993]
[2019-05-24 17:29:34,109-_constrained_layout.py-DEBUG:right -0.000993]
[2019-05-24 17:29:34,109-_constrained_layout.py-DEBUG:bottom 0.015966]
[2019-05-24 17:29:34,110-_constrained_layout.py-DEBUG:LayoutBox: gridspec000000.ss000001.ax000002, (left: 0.000) (bot: 0.000) (right: 1.000)  (top: 1.000) ]
[2019-05-24 17:29:34,111-_base.py-DEBUG:update_title_pos]
[2019-05-24 17:29:34,112-_constrained_layout.py-DEBUG:left -0.016937]
[2019-05-24 17:29:34,112-_constrained_layout.py-DEBUG:right -0.016937]
[2019-05-24 17:29:34,112-_constrained_layout.py-DEBUG:bottom 0.015966]
[2019-05-24 17:29:34,114-_base.py-DEBUG:update_title_pos]
[2019-05-24 17:29:46,223-PngImagePlugin.py-DEBUG:STREAM b'IHDR' 16 13]
[2019-05-24 17:29:46,223-PngImagePlugin.py-DEBUG:STREAM b'sRGB' 41 1]
[2019-05-24 17:29:46,223-PngImagePlugin.py-DEBUG:STREAM b'gAMA' 54 4]
[2019-05-24 17:29:46,223-PngImagePlugin.py-DEBUG:STREAM b'pHYs' 70 9]
[2019-05-24 17:29:46,223-PngImagePlugin.py-DEBUG:STREAM b'IDAT' 91 65445]
[2019-05-24 17:29:46,243-figure.py-DEBUG:Executing constrainedlayout]
[2019-05-24 17:29:46,244-_constrained_layout.py-DEBUG:LayoutBox: gridspec000000.ss000001.ax000002, (left: 0.000) (bot: 0.000) (right: 1.000)  (top: 1.000) ]
[2019-05-24 17:29:46,244-_base.py-DEBUG:update_title_pos]
[2019-05-24 17:29:46,246-_constrained_layout.py-DEBUG:left -0.259226]
[2019-05-24 17:29:46,246-_constrained_layout.py-DEBUG:right -0.259226]
[2019-05-24 17:29:46,246-_constrained_layout.py-DEBUG:bottom 0.032811]
[2019-05-24 17:29:46,246-_constrained_layout.py-DEBUG:LayoutBox: gridspec000000.ss000001.ax000002, (left: 0.000) (bot: 0.000) (right: 1.000)  (top: 1.000) ]
[2019-05-24 17:29:46,247-_base.py-DEBUG:update_title_pos]
[2019-05-24 17:29:46,248-_constrained_layout.py-DEBUG:left -0.267218]
[2019-05-24 17:29:46,248-_constrained_layout.py-DEBUG:right -0.267218]
[2019-05-24 17:29:46,249-_constrained_layout.py-DEBUG:bottom 0.032811]
[2019-05-24 17:29:46,249-_base.py-DEBUG:update_title_pos]
[2019-05-24 17:29:46,254-figure.py-DEBUG:Executing constrainedlayout]
[2019-05-24 17:29:46,255-_constrained_layout.py-DEBUG:LayoutBox: gridspec000003.ss000004.ax000005, (left: 0.000) (bot: 0.000) (right: 0.000)  (top: 0.000) ]
[2019-05-24 17:29:46,272-font_manager.py-DEBUG:findfont: Matching :family=sans-serif:style=normal:variant=normal:weight=normal:stretch=normal:size=10.0 to DejaVu Sans ('E:\\Python36\\lib\\site-packages\\matplotlib\\mpl-data\\fonts\\ttf\\DejaVuSans.ttf') with score of 0.050000.]
[2019-05-24 17:29:46,277-_base.py-DEBUG:update_title_pos]
[2019-05-24 17:29:46,284-_constrained_layout.py-DEBUG:left -0.180847]
[2019-05-24 17:29:46,284-_constrained_layout.py-DEBUG:right -0.182913]
[2019-05-24 17:29:46,285-_constrained_layout.py-DEBUG:bottom 0.217885]
[2019-05-24 17:29:46,285-_constrained_layout.py-DEBUG:LayoutBox: gridspec000003.ss000004.ax000005, (left: 0.000) (bot: 0.000) (right: 1.000)  (top: 1.000) ]
[2019-05-24 17:29:46,292-_base.py-DEBUG:update_title_pos]
[2019-05-24 17:29:46,300-_constrained_layout.py-DEBUG:left -0.298227]
[2019-05-24 17:29:46,300-_constrained_layout.py-DEBUG:right -0.300299]
[2019-05-24 17:29:46,300-_constrained_layout.py-DEBUG:bottom 0.217885]
[2019-05-24 17:29:46,301-_base.py-DEBUG:update_title_pos]
[2019-05-24 17:30:35,918-PngImagePlugin.py-DEBUG:STREAM b'IHDR' 16 13]
[2019-05-24 17:30:35,918-PngImagePlugin.py-DEBUG:STREAM b'sRGB' 41 1]
[2019-05-24 17:30:35,918-PngImagePlugin.py-DEBUG:STREAM b'gAMA' 54 4]
[2019-05-24 17:30:35,918-PngImagePlugin.py-DEBUG:STREAM b'pHYs' 70 9]
[2019-05-24 17:30:35,918-PngImagePlugin.py-DEBUG:STREAM b'IDAT' 91 65445]
[2019-05-24 17:30:36,031-figure.py-DEBUG:Executing constrainedlayout]
[2019-05-24 17:30:36,031-_constrained_layout.py-DEBUG:LayoutBox: gridspec000000.ss000001.ax000002, (left: 0.000) (bot: 0.000) (right: 0.000)  (top: 0.000) ]
[2019-05-24 17:30:36,032-_base.py-DEBUG:update_title_pos]
[2019-05-24 17:30:36,034-_constrained_layout.py-DEBUG:left -0.000993]
[2019-05-24 17:30:36,035-_constrained_layout.py-DEBUG:right -0.000993]
[2019-05-24 17:30:36,035-_constrained_layout.py-DEBUG:bottom 0.015966]
[2019-05-24 17:30:36,036-_constrained_layout.py-DEBUG:LayoutBox: gridspec000000.ss000001.ax000002, (left: 0.000) (bot: 0.000) (right: 1.000)  (top: 1.000) ]
[2019-05-24 17:30:36,037-_base.py-DEBUG:update_title_pos]
[2019-05-24 17:30:36,038-_constrained_layout.py-DEBUG:left -0.016937]
[2019-05-24 17:30:36,039-_constrained_layout.py-DEBUG:right -0.016937]
[2019-05-24 17:30:36,039-_constrained_layout.py-DEBUG:bottom 0.015966]
[2019-05-24 17:30:36,040-_base.py-DEBUG:update_title_pos]
[2019-05-24 17:30:43,612-PngImagePlugin.py-DEBUG:STREAM b'IHDR' 16 13]
[2019-05-24 17:30:43,612-PngImagePlugin.py-DEBUG:STREAM b'sRGB' 41 1]
[2019-05-24 17:30:43,612-PngImagePlugin.py-DEBUG:STREAM b'gAMA' 54 4]
[2019-05-24 17:30:43,612-PngImagePlugin.py-DEBUG:STREAM b'pHYs' 70 9]
[2019-05-24 17:30:43,612-PngImagePlugin.py-DEBUG:STREAM b'IDAT' 91 65445]
[2019-05-24 17:30:43,635-figure.py-DEBUG:Executing constrainedlayout]
[2019-05-24 17:30:43,636-_constrained_layout.py-DEBUG:LayoutBox: gridspec000003.ss000004.ax000005, (left: 0.000) (bot: 0.000) (right: 0.000)  (top: 0.000) ]
[2019-05-24 17:30:43,637-_base.py-DEBUG:update_title_pos]
[2019-05-24 17:30:43,641-_constrained_layout.py-DEBUG:left -0.000993]
[2019-05-24 17:30:43,642-_constrained_layout.py-DEBUG:right -0.000993]
[2019-05-24 17:30:43,642-_constrained_layout.py-DEBUG:bottom 0.015966]
[2019-05-24 17:30:43,643-_constrained_layout.py-DEBUG:LayoutBox: gridspec000003.ss000004.ax000005, (left: 0.000) (bot: 0.000) (right: 1.000)  (top: 1.000) ]
[2019-05-24 17:30:43,644-_base.py-DEBUG:update_title_pos]
[2019-05-24 17:30:43,646-_constrained_layout.py-DEBUG:left -0.016937]
[2019-05-24 17:30:43,646-_constrained_layout.py-DEBUG:right -0.016937]
[2019-05-24 17:30:43,646-_constrained_layout.py-DEBUG:bottom 0.015966]
[2019-05-24 17:30:43,648-_base.py-DEBUG:update_title_pos]
[2019-05-24 17:30:46,701-PngImagePlugin.py-DEBUG:STREAM b'IHDR' 16 13]
[2019-05-24 17:30:46,701-PngImagePlugin.py-DEBUG:STREAM b'sRGB' 41 1]
[2019-05-24 17:30:46,701-PngImagePlugin.py-DEBUG:STREAM b'gAMA' 54 4]
[2019-05-24 17:30:46,701-PngImagePlugin.py-DEBUG:STREAM b'pHYs' 70 9]
[2019-05-24 17:30:46,701-PngImagePlugin.py-DEBUG:STREAM b'IDAT' 91 65445]
[2019-05-24 17:30:46,716-figure.py-DEBUG:Executing constrainedlayout]
[2019-05-24 17:30:46,717-_constrained_layout.py-DEBUG:LayoutBox: gridspec000006.ss000007.ax000008, (left: 0.000) (bot: 0.000) (right: 0.000)  (top: 0.000) ]
[2019-05-24 17:30:46,734-font_manager.py-DEBUG:findfont: Matching :family=sans-serif:style=normal:variant=normal:weight=normal:stretch=normal:size=10.0 to DejaVu Sans ('E:\\Python36\\lib\\site-packages\\matplotlib\\mpl-data\\fonts\\ttf\\DejaVuSans.ttf') with score of 0.050000.]
[2019-05-24 17:30:46,739-_base.py-DEBUG:update_title_pos]
[2019-05-24 17:30:46,775-_constrained_layout.py-DEBUG:left 0.076868]
[2019-05-24 17:30:46,775-_constrained_layout.py-DEBUG:right -0.010625]
[2019-05-24 17:30:46,775-_constrained_layout.py-DEBUG:bottom 0.106855]
[2019-05-24 17:30:46,775-_constrained_layout.py-DEBUG:LayoutBox: gridspec000006.ss000007.ax000008, (left: 0.000) (bot: 0.000) (right: 1.000)  (top: 1.000) ]
[2019-05-24 17:30:46,783-_base.py-DEBUG:update_title_pos]
[2019-05-24 17:30:46,805-_constrained_layout.py-DEBUG:left 0.043182]
[2019-05-24 17:30:46,805-_constrained_layout.py-DEBUG:right -0.044310]
[2019-05-24 17:30:46,805-_constrained_layout.py-DEBUG:bottom 0.106855]
[2019-05-24 17:30:46,806-_base.py-DEBUG:update_title_pos]
[2019-05-24 17:30:52,041-PngImagePlugin.py-DEBUG:STREAM b'IHDR' 16 13]
[2019-05-24 17:30:52,041-PngImagePlugin.py-DEBUG:STREAM b'sRGB' 41 1]
[2019-05-24 17:30:52,041-PngImagePlugin.py-DEBUG:STREAM b'gAMA' 54 4]
[2019-05-24 17:30:52,041-PngImagePlugin.py-DEBUG:STREAM b'pHYs' 70 9]
[2019-05-24 17:30:52,041-PngImagePlugin.py-DEBUG:STREAM b'IDAT' 91 65445]
[2019-05-24 17:30:52,055-figure.py-DEBUG:Executing constrainedlayout]
[2019-05-24 17:30:52,055-_constrained_layout.py-DEBUG:LayoutBox: gridspec000009.ss000010.ax000011, (left: 0.000) (bot: 0.000) (right: 0.000)  (top: 0.000) ]
[2019-05-24 17:30:52,071-_base.py-DEBUG:update_title_pos]
[2019-05-24 17:30:52,107-_constrained_layout.py-DEBUG:left 0.076868]
[2019-05-24 17:30:52,107-_constrained_layout.py-DEBUG:right -0.010625]
[2019-05-24 17:30:52,107-_constrained_layout.py-DEBUG:bottom 0.106855]
[2019-05-24 17:30:52,108-_constrained_layout.py-DEBUG:LayoutBox: gridspec000009.ss000010.ax000011, (left: 0.000) (bot: 0.000) (right: 1.000)  (top: 1.000) ]
[2019-05-24 17:30:52,115-_base.py-DEBUG:update_title_pos]
[2019-05-24 17:30:52,137-_constrained_layout.py-DEBUG:left 0.043182]
[2019-05-24 17:30:52,138-_constrained_layout.py-DEBUG:right -0.044310]
[2019-05-24 17:30:52,138-_constrained_layout.py-DEBUG:bottom 0.106855]
[2019-05-24 17:30:52,139-_base.py-DEBUG:update_title_pos]
[2019-05-24 17:30:55,242-PngImagePlugin.py-DEBUG:STREAM b'IHDR' 16 13]
[2019-05-24 17:30:55,242-PngImagePlugin.py-DEBUG:STREAM b'sRGB' 41 1]
[2019-05-24 17:30:55,242-PngImagePlugin.py-DEBUG:STREAM b'gAMA' 54 4]
[2019-05-24 17:30:55,242-PngImagePlugin.py-DEBUG:STREAM b'pHYs' 70 9]
[2019-05-24 17:30:55,242-PngImagePlugin.py-DEBUG:STREAM b'IDAT' 91 65445]
[2019-05-24 17:30:55,277-figure.py-DEBUG:Executing constrainedlayout]
[2019-05-24 17:30:55,277-_constrained_layout.py-DEBUG:LayoutBox: gridspec000012.ss000013.ax000014, (left: 0.000) (bot: 0.000) (right: 0.000)  (top: 0.000) ]
[2019-05-24 17:30:55,294-_base.py-DEBUG:update_title_pos]
[2019-05-24 17:30:55,322-_constrained_layout.py-DEBUG:left 0.049764]
[2019-05-24 17:30:55,322-_constrained_layout.py-DEBUG:right -0.037394]
[2019-05-24 17:30:55,322-_constrained_layout.py-DEBUG:bottom 0.106855]
[2019-05-24 17:30:55,322-_constrained_layout.py-DEBUG:LayoutBox: gridspec000012.ss000013.ax000014, (left: 0.000) (bot: 0.000) (right: 1.000)  (top: 1.000) ]
[2019-05-24 17:30:55,330-_base.py-DEBUG:update_title_pos]
[2019-05-24 17:30:55,361-_constrained_layout.py-DEBUG:left -0.000211]
[2019-05-24 17:30:55,361-_constrained_layout.py-DEBUG:right -0.087703]
[2019-05-24 17:30:55,361-_constrained_layout.py-DEBUG:bottom 0.106855]
[2019-05-24 17:30:55,362-_base.py-DEBUG:update_title_pos]
[2019-05-24 17:31:15,990-PngImagePlugin.py-DEBUG:STREAM b'IHDR' 16 13]
[2019-05-24 17:31:15,990-PngImagePlugin.py-DEBUG:STREAM b'sRGB' 41 1]
[2019-05-24 17:31:15,990-PngImagePlugin.py-DEBUG:STREAM b'gAMA' 54 4]
[2019-05-24 17:31:15,991-PngImagePlugin.py-DEBUG:STREAM b'pHYs' 70 9]
[2019-05-24 17:31:15,991-PngImagePlugin.py-DEBUG:STREAM b'IDAT' 91 65445]
[2019-05-24 17:31:16,085-figure.py-DEBUG:Executing constrainedlayout]
[2019-05-24 17:31:16,085-_constrained_layout.py-DEBUG:LayoutBox: gridspec000000.ss000001.ax000002, (left: 0.000) (bot: 0.000) (right: 0.000)  (top: 0.000) ]
[2019-05-24 17:31:16,086-_base.py-DEBUG:update_title_pos]
[2019-05-24 17:31:16,088-_constrained_layout.py-DEBUG:left -0.000993]
[2019-05-24 17:31:16,089-_constrained_layout.py-DEBUG:right -0.000993]
[2019-05-24 17:31:16,089-_constrained_layout.py-DEBUG:bottom 0.015966]
[2019-05-24 17:31:16,090-_constrained_layout.py-DEBUG:LayoutBox: gridspec000000.ss000001.ax000002, (left: 0.000) (bot: 0.000) (right: 1.000)  (top: 1.000) ]
[2019-05-24 17:31:16,090-_base.py-DEBUG:update_title_pos]
[2019-05-24 17:31:16,092-_constrained_layout.py-DEBUG:left -0.016937]
[2019-05-24 17:31:16,093-_constrained_layout.py-DEBUG:right -0.016937]
[2019-05-24 17:31:16,093-_constrained_layout.py-DEBUG:bottom 0.015966]
[2019-05-24 17:31:16,094-_base.py-DEBUG:update_title_pos]
[2019-05-24 17:31:25,016-PngImagePlugin.py-DEBUG:STREAM b'IHDR' 16 13]
[2019-05-24 17:31:25,017-PngImagePlugin.py-DEBUG:STREAM b'sRGB' 41 1]
[2019-05-24 17:31:25,017-PngImagePlugin.py-DEBUG:STREAM b'gAMA' 54 4]
[2019-05-24 17:31:25,017-PngImagePlugin.py-DEBUG:STREAM b'pHYs' 70 9]
[2019-05-24 17:31:25,017-PngImagePlugin.py-DEBUG:STREAM b'IDAT' 91 65445]
[2019-05-24 17:31:25,043-figure.py-DEBUG:Executing constrainedlayout]
[2019-05-24 17:31:25,044-_constrained_layout.py-DEBUG:LayoutBox: gridspec000003.ss000004.ax000005, (left: 0.000) (bot: 0.000) (right: 0.000)  (top: 0.000) ]
[2019-05-24 17:31:25,044-_base.py-DEBUG:update_title_pos]
[2019-05-24 17:31:25,050-_constrained_layout.py-DEBUG:left -0.000993]
[2019-05-24 17:31:25,050-_constrained_layout.py-DEBUG:right -0.000993]
[2019-05-24 17:31:25,050-_constrained_layout.py-DEBUG:bottom 0.015966]
[2019-05-24 17:31:25,051-_constrained_layout.py-DEBUG:LayoutBox: gridspec000003.ss000004.ax000005, (left: 0.000) (bot: 0.000) (right: 1.000)  (top: 1.000) ]
[2019-05-24 17:31:25,053-_base.py-DEBUG:update_title_pos]
[2019-05-24 17:31:25,057-_constrained_layout.py-DEBUG:left -0.016937]
[2019-05-24 17:31:25,057-_constrained_layout.py-DEBUG:right -0.016937]
[2019-05-24 17:31:25,057-_constrained_layout.py-DEBUG:bottom 0.015966]
[2019-05-24 17:31:25,059-_base.py-DEBUG:update_title_pos]
[2019-05-24 17:31:28,814-PngImagePlugin.py-DEBUG:STREAM b'IHDR' 16 13]
[2019-05-24 17:31:28,814-PngImagePlugin.py-DEBUG:STREAM b'sRGB' 41 1]
[2019-05-24 17:31:28,815-PngImagePlugin.py-DEBUG:STREAM b'gAMA' 54 4]
[2019-05-24 17:31:28,815-PngImagePlugin.py-DEBUG:STREAM b'pHYs' 70 9]
[2019-05-24 17:31:28,815-PngImagePlugin.py-DEBUG:STREAM b'IDAT' 91 65445]
[2019-05-24 17:31:28,832-figure.py-DEBUG:Executing constrainedlayout]
[2019-05-24 17:31:28,832-_constrained_layout.py-DEBUG:LayoutBox: gridspec000006.ss000007.ax000008, (left: 0.000) (bot: 0.000) (right: 0.000)  (top: 0.000) ]
[2019-05-24 17:31:28,832-_base.py-DEBUG:update_title_pos]
[2019-05-24 17:31:28,834-_constrained_layout.py-DEBUG:left -0.019983]
[2019-05-24 17:31:28,834-_constrained_layout.py-DEBUG:right -0.019983]
[2019-05-24 17:31:28,834-_constrained_layout.py-DEBUG:bottom 0.015966]
[2019-05-24 17:31:28,835-_constrained_layout.py-DEBUG:LayoutBox: gridspec000006.ss000007.ax000008, (left: 0.000) (bot: 0.000) (right: 1.000)  (top: 1.000) ]
[2019-05-24 17:31:28,835-_base.py-DEBUG:update_title_pos]
[2019-05-24 17:31:28,837-_constrained_layout.py-DEBUG:left -0.040812]
[2019-05-24 17:31:28,837-_constrained_layout.py-DEBUG:right -0.040812]
[2019-05-24 17:31:28,837-_constrained_layout.py-DEBUG:bottom 0.015966]
[2019-05-24 17:31:28,838-_base.py-DEBUG:update_title_pos]
[2019-05-24 17:31:34,457-PngImagePlugin.py-DEBUG:STREAM b'IHDR' 16 13]
[2019-05-24 17:31:34,457-PngImagePlugin.py-DEBUG:STREAM b'sRGB' 41 1]
[2019-05-24 17:31:34,457-PngImagePlugin.py-DEBUG:STREAM b'gAMA' 54 4]
[2019-05-24 17:31:34,458-PngImagePlugin.py-DEBUG:STREAM b'pHYs' 70 9]
[2019-05-24 17:31:34,458-PngImagePlugin.py-DEBUG:STREAM b'IDAT' 91 65445]
[2019-05-24 17:31:34,472-figure.py-DEBUG:Executing constrainedlayout]
[2019-05-24 17:31:34,473-_constrained_layout.py-DEBUG:LayoutBox: gridspec000009.ss000010.ax000011, (left: 0.000) (bot: 0.000) (right: 0.000)  (top: 0.000) ]
[2019-05-24 17:31:34,473-_base.py-DEBUG:update_title_pos]
[2019-05-24 17:31:34,475-_constrained_layout.py-DEBUG:left -0.046752]
[2019-05-24 17:31:34,475-_constrained_layout.py-DEBUG:right -0.046752]
[2019-05-24 17:31:34,476-_constrained_layout.py-DEBUG:bottom 0.015966]
[2019-05-24 17:31:34,476-_constrained_layout.py-DEBUG:LayoutBox: gridspec000009.ss000010.ax000011, (left: 0.000) (bot: 0.000) (right: 1.000)  (top: 1.000) ]
[2019-05-24 17:31:34,476-_base.py-DEBUG:update_title_pos]
[2019-05-24 17:31:34,478-_constrained_layout.py-DEBUG:left -0.074467]
[2019-05-24 17:31:34,478-_constrained_layout.py-DEBUG:right -0.074467]
[2019-05-24 17:31:34,478-_constrained_layout.py-DEBUG:bottom 0.015966]
[2019-05-24 17:31:34,479-_base.py-DEBUG:update_title_pos]
[2019-05-24 17:31:50,303-figure.py-DEBUG:Executing constrainedlayout]
[2019-05-24 17:31:50,303-_constrained_layout.py-DEBUG:LayoutBox: gridspec000012.ss000013.ax000014, (left: 0.000) (bot: 0.000) (right: 0.000)  (top: 0.000) ]
[2019-05-24 17:31:50,320-font_manager.py-DEBUG:findfont: Matching :family=sans-serif:style=normal:variant=normal:weight=normal:stretch=normal:size=10.0 to DejaVu Sans ('E:\\Python36\\lib\\site-packages\\matplotlib\\mpl-data\\fonts\\ttf\\DejaVuSans.ttf') with score of 0.050000.]
[2019-05-24 17:31:50,326-_base.py-DEBUG:update_title_pos]
[2019-05-24 17:31:50,330-font_manager.py-DEBUG:findfont: Matching :family=sans-serif:style=normal:variant=normal:weight=normal:stretch=normal:size=12.0 to DejaVu Sans ('E:\\Python36\\lib\\site-packages\\matplotlib\\mpl-data\\fonts\\ttf\\DejaVuSans.ttf') with score of 0.050000.]
[2019-05-24 17:31:50,362-_constrained_layout.py-DEBUG:left 0.127043]
[2019-05-24 17:31:50,362-_constrained_layout.py-DEBUG:right 0.020500]
[2019-05-24 17:31:50,362-_constrained_layout.py-DEBUG:bottom 0.106855]
[2019-05-24 17:31:50,363-_constrained_layout.py-DEBUG:LayoutBox: gridspec000012.ss000013.ax000014, (left: 0.000) (bot: 0.000) (right: 1.000)  (top: 1.000) ]
[2019-05-24 17:31:50,370-_base.py-DEBUG:update_title_pos]
[2019-05-24 17:31:50,391-_constrained_layout.py-DEBUG:left 0.127043]
[2019-05-24 17:31:50,391-_constrained_layout.py-DEBUG:right 0.020500]
[2019-05-24 17:31:50,391-_constrained_layout.py-DEBUG:bottom 0.106855]
[2019-05-24 17:31:50,392-_base.py-DEBUG:update_title_pos]
[2019-05-24 17:31:53,989-PngImagePlugin.py-DEBUG:STREAM b'IHDR' 16 13]
[2019-05-24 17:31:53,989-PngImagePlugin.py-DEBUG:STREAM b'sRGB' 41 1]
[2019-05-24 17:31:53,989-PngImagePlugin.py-DEBUG:STREAM b'gAMA' 54 4]
[2019-05-24 17:31:53,989-PngImagePlugin.py-DEBUG:STREAM b'pHYs' 70 9]
[2019-05-24 17:31:53,990-PngImagePlugin.py-DEBUG:STREAM b'IDAT' 91 65445]
[2019-05-24 17:31:54,005-figure.py-DEBUG:Executing constrainedlayout]
[2019-05-24 17:31:54,005-_constrained_layout.py-DEBUG:LayoutBox: gridspec000015.ss000016.ax000017, (left: 0.000) (bot: 0.000) (right: 0.000)  (top: 0.000) ]
[2019-05-24 17:31:54,005-_base.py-DEBUG:update_title_pos]
[2019-05-24 17:31:54,007-_constrained_layout.py-DEBUG:left -0.046752]
[2019-05-24 17:31:54,007-_constrained_layout.py-DEBUG:right -0.046752]
[2019-05-24 17:31:54,007-_constrained_layout.py-DEBUG:bottom 0.015966]
[2019-05-24 17:31:54,008-_constrained_layout.py-DEBUG:LayoutBox: gridspec000015.ss000016.ax000017, (left: 0.000) (bot: 0.000) (right: 1.000)  (top: 1.000) ]
[2019-05-24 17:31:54,008-_base.py-DEBUG:update_title_pos]
[2019-05-24 17:31:54,010-_constrained_layout.py-DEBUG:left -0.074467]
[2019-05-24 17:31:54,010-_constrained_layout.py-DEBUG:right -0.074467]
[2019-05-24 17:31:54,010-_constrained_layout.py-DEBUG:bottom 0.015966]
[2019-05-24 17:31:54,011-_base.py-DEBUG:update_title_pos]
[2019-05-24 17:31:57,197-PngImagePlugin.py-DEBUG:STREAM b'IHDR' 16 13]
[2019-05-24 17:31:57,197-PngImagePlugin.py-DEBUG:STREAM b'sRGB' 41 1]
[2019-05-24 17:31:57,198-PngImagePlugin.py-DEBUG:STREAM b'gAMA' 54 4]
[2019-05-24 17:31:57,198-PngImagePlugin.py-DEBUG:STREAM b'pHYs' 70 9]
[2019-05-24 17:31:57,198-PngImagePlugin.py-DEBUG:STREAM b'IDAT' 91 65445]
[2019-05-24 17:31:57,212-figure.py-DEBUG:Executing constrainedlayout]
[2019-05-24 17:31:57,212-_constrained_layout.py-DEBUG:LayoutBox: gridspec000018.ss000019.ax000020, (left: 0.000) (bot: 0.000) (right: 0.000)  (top: 0.000) ]
[2019-05-24 17:31:57,213-_base.py-DEBUG:update_title_pos]
[2019-05-24 17:31:57,215-_constrained_layout.py-DEBUG:left -0.019983]
[2019-05-24 17:31:57,215-_constrained_layout.py-DEBUG:right -0.019983]
[2019-05-24 17:31:57,215-_constrained_layout.py-DEBUG:bottom 0.015966]
[2019-05-24 17:31:57,215-_constrained_layout.py-DEBUG:LayoutBox: gridspec000018.ss000019.ax000020, (left: 0.000) (bot: 0.000) (right: 1.000)  (top: 1.000) ]
[2019-05-24 17:31:57,216-_base.py-DEBUG:update_title_pos]
[2019-05-24 17:31:57,218-_constrained_layout.py-DEBUG:left -0.040812]
[2019-05-24 17:31:57,218-_constrained_layout.py-DEBUG:right -0.040812]
[2019-05-24 17:31:57,218-_constrained_layout.py-DEBUG:bottom 0.015966]
[2019-05-24 17:31:57,219-_base.py-DEBUG:update_title_pos]
[2019-05-24 17:31:59,702-figure.py-DEBUG:Executing constrainedlayout]
[2019-05-24 17:31:59,702-_constrained_layout.py-DEBUG:LayoutBox: gridspec000021.ss000022.ax000023, (left: 0.000) (bot: 0.000) (right: 0.000)  (top: 0.000) ]
[2019-05-24 17:31:59,718-_base.py-DEBUG:update_title_pos]
[2019-05-24 17:31:59,749-_constrained_layout.py-DEBUG:left 0.127043]
[2019-05-24 17:31:59,750-_constrained_layout.py-DEBUG:right 0.020500]
[2019-05-24 17:31:59,750-_constrained_layout.py-DEBUG:bottom 0.106855]
[2019-05-24 17:31:59,750-_constrained_layout.py-DEBUG:LayoutBox: gridspec000021.ss000022.ax000023, (left: 0.000) (bot: 0.000) (right: 1.000)  (top: 1.000) ]
[2019-05-24 17:31:59,757-_base.py-DEBUG:update_title_pos]
[2019-05-24 17:31:59,778-_constrained_layout.py-DEBUG:left 0.127043]
[2019-05-24 17:31:59,779-_constrained_layout.py-DEBUG:right 0.020500]
[2019-05-24 17:31:59,779-_constrained_layout.py-DEBUG:bottom 0.106855]
[2019-05-24 17:31:59,779-_base.py-DEBUG:update_title_pos]
[2019-05-24 17:32:00,628-figure.py-DEBUG:Executing constrainedlayout]
[2019-05-24 17:32:00,628-_constrained_layout.py-DEBUG:LayoutBox: gridspec000024.ss000025.ax000026, (left: 0.000) (bot: 0.000) (right: 0.000)  (top: 0.000) ]
[2019-05-24 17:32:00,645-_base.py-DEBUG:update_title_pos]
[2019-05-24 17:32:00,677-_constrained_layout.py-DEBUG:left 0.127043]
[2019-05-24 17:32:00,677-_constrained_layout.py-DEBUG:right 0.020500]
[2019-05-24 17:32:00,678-_constrained_layout.py-DEBUG:bottom 0.106855]
[2019-05-24 17:32:00,678-_constrained_layout.py-DEBUG:LayoutBox: gridspec000024.ss000025.ax000026, (left: 0.000) (bot: 0.000) (right: 1.000)  (top: 1.000) ]
[2019-05-24 17:32:00,684-_base.py-DEBUG:update_title_pos]
[2019-05-24 17:32:00,706-_constrained_layout.py-DEBUG:left 0.127043]
[2019-05-24 17:32:00,707-_constrained_layout.py-DEBUG:right 0.020500]
[2019-05-24 17:32:00,707-_constrained_layout.py-DEBUG:bottom 0.106855]
[2019-05-24 17:32:00,707-_base.py-DEBUG:update_title_pos]
[2019-05-24 17:34:00,253-PngImagePlugin.py-DEBUG:STREAM b'IHDR' 16 13]
[2019-05-24 17:34:00,253-PngImagePlugin.py-DEBUG:STREAM b'sRGB' 41 1]
[2019-05-24 17:34:00,253-PngImagePlugin.py-DEBUG:STREAM b'gAMA' 54 4]
[2019-05-24 17:34:00,253-PngImagePlugin.py-DEBUG:STREAM b'pHYs' 70 9]
[2019-05-24 17:34:00,253-PngImagePlugin.py-DEBUG:STREAM b'IDAT' 91 65445]
[2019-05-24 17:34:00,357-figure.py-DEBUG:Executing constrainedlayout]
[2019-05-24 17:34:00,358-_constrained_layout.py-DEBUG:LayoutBox: gridspec000000.ss000001.ax000002, (left: 0.000) (bot: 0.000) (right: 0.000)  (top: 0.000) ]
[2019-05-24 17:34:00,359-_base.py-DEBUG:update_title_pos]
[2019-05-24 17:34:00,361-_constrained_layout.py-DEBUG:left -0.000993]
[2019-05-24 17:34:00,362-_constrained_layout.py-DEBUG:right -0.000993]
[2019-05-24 17:34:00,362-_constrained_layout.py-DEBUG:bottom 0.015966]
[2019-05-24 17:34:00,363-_constrained_layout.py-DEBUG:LayoutBox: gridspec000000.ss000001.ax000002, (left: 0.000) (bot: 0.000) (right: 1.000)  (top: 1.000) ]
[2019-05-24 17:34:00,363-_base.py-DEBUG:update_title_pos]
[2019-05-24 17:34:00,365-_constrained_layout.py-DEBUG:left -0.016937]
[2019-05-24 17:34:00,365-_constrained_layout.py-DEBUG:right -0.016937]
[2019-05-24 17:34:00,365-_constrained_layout.py-DEBUG:bottom 0.015966]
[2019-05-24 17:34:00,366-_base.py-DEBUG:update_title_pos]
[2019-05-24 17:34:07,969-PngImagePlugin.py-DEBUG:STREAM b'IHDR' 16 13]
[2019-05-24 17:34:07,969-PngImagePlugin.py-DEBUG:STREAM b'sRGB' 41 1]
[2019-05-24 17:34:07,969-PngImagePlugin.py-DEBUG:STREAM b'gAMA' 54 4]
[2019-05-24 17:34:07,970-PngImagePlugin.py-DEBUG:STREAM b'pHYs' 70 9]
[2019-05-24 17:34:07,970-PngImagePlugin.py-DEBUG:STREAM b'IDAT' 91 65445]
[2019-05-24 17:34:07,996-figure.py-DEBUG:Executing constrainedlayout]
[2019-05-24 17:34:07,996-_constrained_layout.py-DEBUG:LayoutBox: gridspec000003.ss000004.ax000005, (left: 0.000) (bot: 0.000) (right: 0.000)  (top: 0.000) ]
[2019-05-24 17:34:07,997-_base.py-DEBUG:update_title_pos]
[2019-05-24 17:34:08,002-_constrained_layout.py-DEBUG:left -0.000993]
[2019-05-24 17:34:08,002-_constrained_layout.py-DEBUG:right -0.000993]
[2019-05-24 17:34:08,002-_constrained_layout.py-DEBUG:bottom 0.015966]
[2019-05-24 17:34:08,003-_constrained_layout.py-DEBUG:LayoutBox: gridspec000003.ss000004.ax000005, (left: 0.000) (bot: 0.000) (right: 1.000)  (top: 1.000) ]
[2019-05-24 17:34:08,004-_base.py-DEBUG:update_title_pos]
[2019-05-24 17:34:08,007-_constrained_layout.py-DEBUG:left -0.016937]
[2019-05-24 17:34:08,008-_constrained_layout.py-DEBUG:right -0.016937]
[2019-05-24 17:34:08,008-_constrained_layout.py-DEBUG:bottom 0.015966]
[2019-05-24 17:34:08,010-_base.py-DEBUG:update_title_pos]
[2019-05-24 17:34:14,076-PngImagePlugin.py-DEBUG:STREAM b'IHDR' 16 13]
[2019-05-24 17:34:14,077-PngImagePlugin.py-DEBUG:STREAM b'sRGB' 41 1]
[2019-05-24 17:34:14,077-PngImagePlugin.py-DEBUG:STREAM b'gAMA' 54 4]
[2019-05-24 17:34:14,077-PngImagePlugin.py-DEBUG:STREAM b'pHYs' 70 9]
[2019-05-24 17:34:14,077-PngImagePlugin.py-DEBUG:STREAM b'IDAT' 91 65445]
[2019-05-24 17:34:14,094-figure.py-DEBUG:Executing constrainedlayout]
[2019-05-24 17:34:14,094-_constrained_layout.py-DEBUG:LayoutBox: gridspec000006.ss000007.ax000008, (left: 0.000) (bot: 0.000) (right: 0.000)  (top: 0.000) ]
[2019-05-24 17:34:14,094-_base.py-DEBUG:update_title_pos]
[2019-05-24 17:34:14,096-_constrained_layout.py-DEBUG:left -0.019983]
[2019-05-24 17:34:14,097-_constrained_layout.py-DEBUG:right -0.019983]
[2019-05-24 17:34:14,097-_constrained_layout.py-DEBUG:bottom 0.015966]
[2019-05-24 17:34:14,097-_constrained_layout.py-DEBUG:LayoutBox: gridspec000006.ss000007.ax000008, (left: 0.000) (bot: 0.000) (right: 1.000)  (top: 1.000) ]
[2019-05-24 17:34:14,098-_base.py-DEBUG:update_title_pos]
[2019-05-24 17:34:14,099-_constrained_layout.py-DEBUG:left -0.040812]
[2019-05-24 17:34:14,099-_constrained_layout.py-DEBUG:right -0.040812]
[2019-05-24 17:34:14,099-_constrained_layout.py-DEBUG:bottom 0.015966]
[2019-05-24 17:34:14,100-_base.py-DEBUG:update_title_pos]
[2019-05-24 17:36:05,798-PngImagePlugin.py-DEBUG:STREAM b'IHDR' 16 13]
[2019-05-24 17:36:05,798-PngImagePlugin.py-DEBUG:STREAM b'sRGB' 41 1]
[2019-05-24 17:36:05,799-PngImagePlugin.py-DEBUG:STREAM b'gAMA' 54 4]
[2019-05-24 17:36:05,799-PngImagePlugin.py-DEBUG:STREAM b'pHYs' 70 9]
[2019-05-24 17:36:05,799-PngImagePlugin.py-DEBUG:STREAM b'IDAT' 91 65445]
[2019-05-24 17:36:05,904-figure.py-DEBUG:Executing constrainedlayout]
[2019-05-24 17:36:05,905-_constrained_layout.py-DEBUG:LayoutBox: gridspec000000.ss000001.ax000002, (left: 0.000) (bot: 0.000) (right: 0.000)  (top: 0.000) ]
[2019-05-24 17:36:05,905-_base.py-DEBUG:update_title_pos]
[2019-05-24 17:36:05,908-_constrained_layout.py-DEBUG:left -0.000993]
[2019-05-24 17:36:05,908-_constrained_layout.py-DEBUG:right -0.000993]
[2019-05-24 17:36:05,909-_constrained_layout.py-DEBUG:bottom 0.015966]
[2019-05-24 17:36:05,909-_constrained_layout.py-DEBUG:LayoutBox: gridspec000000.ss000001.ax000002, (left: 0.000) (bot: 0.000) (right: 1.000)  (top: 1.000) ]
[2019-05-24 17:36:05,910-_base.py-DEBUG:update_title_pos]
[2019-05-24 17:36:05,911-_constrained_layout.py-DEBUG:left -0.016937]
[2019-05-24 17:36:05,911-_constrained_layout.py-DEBUG:right -0.016937]
[2019-05-24 17:36:05,912-_constrained_layout.py-DEBUG:bottom 0.015966]
[2019-05-24 17:36:05,913-_base.py-DEBUG:update_title_pos]
[2019-05-24 17:36:13,512-PngImagePlugin.py-DEBUG:STREAM b'IHDR' 16 13]
[2019-05-24 17:36:13,512-PngImagePlugin.py-DEBUG:STREAM b'sRGB' 41 1]
[2019-05-24 17:36:13,513-PngImagePlugin.py-DEBUG:STREAM b'gAMA' 54 4]
[2019-05-24 17:36:13,513-PngImagePlugin.py-DEBUG:STREAM b'pHYs' 70 9]
[2019-05-24 17:36:13,513-PngImagePlugin.py-DEBUG:STREAM b'IDAT' 91 65445]
[2019-05-24 17:36:13,539-figure.py-DEBUG:Executing constrainedlayout]
[2019-05-24 17:36:13,540-_constrained_layout.py-DEBUG:LayoutBox: gridspec000003.ss000004.ax000005, (left: 0.000) (bot: 0.000) (right: 0.000)  (top: 0.000) ]
[2019-05-24 17:36:13,541-_base.py-DEBUG:update_title_pos]
[2019-05-24 17:36:13,543-_constrained_layout.py-DEBUG:left -0.000993]
[2019-05-24 17:36:13,543-_constrained_layout.py-DEBUG:right -0.000993]
[2019-05-24 17:36:13,543-_constrained_layout.py-DEBUG:bottom 0.015966]
[2019-05-24 17:36:13,544-_constrained_layout.py-DEBUG:LayoutBox: gridspec000003.ss000004.ax000005, (left: 0.000) (bot: 0.000) (right: 1.000)  (top: 1.000) ]
[2019-05-24 17:36:13,545-_base.py-DEBUG:update_title_pos]
[2019-05-24 17:36:13,547-_constrained_layout.py-DEBUG:left -0.016937]
[2019-05-24 17:36:13,547-_constrained_layout.py-DEBUG:right -0.016937]
[2019-05-24 17:36:13,547-_constrained_layout.py-DEBUG:bottom 0.015966]
[2019-05-24 17:36:13,550-_base.py-DEBUG:update_title_pos]
[2019-05-24 17:36:16,604-PngImagePlugin.py-DEBUG:STREAM b'IHDR' 16 13]
[2019-05-24 17:36:16,604-PngImagePlugin.py-DEBUG:STREAM b'sRGB' 41 1]
[2019-05-24 17:36:16,604-PngImagePlugin.py-DEBUG:STREAM b'gAMA' 54 4]
[2019-05-24 17:36:16,604-PngImagePlugin.py-DEBUG:STREAM b'pHYs' 70 9]
[2019-05-24 17:36:16,604-PngImagePlugin.py-DEBUG:STREAM b'IDAT' 91 65445]
[2019-05-24 17:36:16,619-figure.py-DEBUG:Executing constrainedlayout]
[2019-05-24 17:36:16,620-_constrained_layout.py-DEBUG:LayoutBox: gridspec000006.ss000007.ax000008, (left: 0.000) (bot: 0.000) (right: 0.000)  (top: 0.000) ]
[2019-05-24 17:36:16,620-_base.py-DEBUG:update_title_pos]
[2019-05-24 17:36:16,622-_constrained_layout.py-DEBUG:left -0.019983]
[2019-05-24 17:36:16,622-_constrained_layout.py-DEBUG:right -0.019983]
[2019-05-24 17:36:16,622-_constrained_layout.py-DEBUG:bottom 0.015966]
[2019-05-24 17:36:16,623-_constrained_layout.py-DEBUG:LayoutBox: gridspec000006.ss000007.ax000008, (left: 0.000) (bot: 0.000) (right: 1.000)  (top: 1.000) ]
[2019-05-24 17:36:16,623-_base.py-DEBUG:update_title_pos]
[2019-05-24 17:36:16,625-_constrained_layout.py-DEBUG:left -0.040812]
[2019-05-24 17:36:16,625-_constrained_layout.py-DEBUG:right -0.040812]
[2019-05-24 17:36:16,625-_constrained_layout.py-DEBUG:bottom 0.015966]
[2019-05-24 17:36:16,626-_base.py-DEBUG:update_title_pos]
[2019-05-24 17:38:06,285-PngImagePlugin.py-DEBUG:STREAM b'IHDR' 16 13]
[2019-05-24 17:38:06,286-PngImagePlugin.py-DEBUG:STREAM b'sRGB' 41 1]
[2019-05-24 17:38:06,286-PngImagePlugin.py-DEBUG:STREAM b'gAMA' 54 4]
[2019-05-24 17:38:06,286-PngImagePlugin.py-DEBUG:STREAM b'pHYs' 70 9]
[2019-05-24 17:38:06,286-PngImagePlugin.py-DEBUG:STREAM b'IDAT' 91 65445]
[2019-05-24 17:38:06,394-figure.py-DEBUG:Executing constrainedlayout]
[2019-05-24 17:38:06,395-_constrained_layout.py-DEBUG:LayoutBox: gridspec000000.ss000001.ax000002, (left: 0.000) (bot: 0.000) (right: 0.000)  (top: 0.000) ]
[2019-05-24 17:38:06,395-_base.py-DEBUG:update_title_pos]
[2019-05-24 17:38:06,398-_constrained_layout.py-DEBUG:left -0.000993]
[2019-05-24 17:38:06,398-_constrained_layout.py-DEBUG:right -0.000993]
[2019-05-24 17:38:06,399-_constrained_layout.py-DEBUG:bottom 0.015966]
[2019-05-24 17:38:06,399-_constrained_layout.py-DEBUG:LayoutBox: gridspec000000.ss000001.ax000002, (left: 0.000) (bot: 0.000) (right: 1.000)  (top: 1.000) ]
[2019-05-24 17:38:06,400-_base.py-DEBUG:update_title_pos]
[2019-05-24 17:38:06,402-_constrained_layout.py-DEBUG:left -0.016937]
[2019-05-24 17:38:06,402-_constrained_layout.py-DEBUG:right -0.016937]
[2019-05-24 17:38:06,402-_constrained_layout.py-DEBUG:bottom 0.015966]
[2019-05-24 17:38:06,404-_base.py-DEBUG:update_title_pos]
[2019-05-24 17:38:13,621-PngImagePlugin.py-DEBUG:STREAM b'IHDR' 16 13]
[2019-05-24 17:38:13,622-PngImagePlugin.py-DEBUG:STREAM b'sRGB' 41 1]
[2019-05-24 17:38:13,622-PngImagePlugin.py-DEBUG:STREAM b'gAMA' 54 4]
[2019-05-24 17:38:13,622-PngImagePlugin.py-DEBUG:STREAM b'pHYs' 70 9]
[2019-05-24 17:38:13,622-PngImagePlugin.py-DEBUG:STREAM b'IDAT' 91 65445]
[2019-05-24 17:38:13,645-figure.py-DEBUG:Executing constrainedlayout]
[2019-05-24 17:38:13,646-_constrained_layout.py-DEBUG:LayoutBox: gridspec000003.ss000004.ax000005, (left: 0.000) (bot: 0.000) (right: 0.000)  (top: 0.000) ]
[2019-05-24 17:38:13,647-_base.py-DEBUG:update_title_pos]
[2019-05-24 17:38:13,651-_constrained_layout.py-DEBUG:left -0.000993]
[2019-05-24 17:38:13,651-_constrained_layout.py-DEBUG:right -0.000993]
[2019-05-24 17:38:13,652-_constrained_layout.py-DEBUG:bottom 0.015966]
[2019-05-24 17:38:13,653-_constrained_layout.py-DEBUG:LayoutBox: gridspec000003.ss000004.ax000005, (left: 0.000) (bot: 0.000) (right: 1.000)  (top: 1.000) ]
[2019-05-24 17:38:13,654-_base.py-DEBUG:update_title_pos]
[2019-05-24 17:38:13,657-_constrained_layout.py-DEBUG:left -0.016937]
[2019-05-24 17:38:13,658-_constrained_layout.py-DEBUG:right -0.016937]
[2019-05-24 17:38:13,658-_constrained_layout.py-DEBUG:bottom 0.015966]
[2019-05-24 17:38:13,660-_base.py-DEBUG:update_title_pos]
[2019-05-24 17:38:18,124-PngImagePlugin.py-DEBUG:STREAM b'IHDR' 16 13]
[2019-05-24 17:38:18,124-PngImagePlugin.py-DEBUG:STREAM b'sRGB' 41 1]
[2019-05-24 17:38:18,124-PngImagePlugin.py-DEBUG:STREAM b'gAMA' 54 4]
[2019-05-24 17:38:18,124-PngImagePlugin.py-DEBUG:STREAM b'pHYs' 70 9]
[2019-05-24 17:38:18,125-PngImagePlugin.py-DEBUG:STREAM b'IDAT' 91 65445]
[2019-05-24 17:38:18,138-figure.py-DEBUG:Executing constrainedlayout]
[2019-05-24 17:38:18,138-_constrained_layout.py-DEBUG:LayoutBox: gridspec000006.ss000007.ax000008, (left: 0.000) (bot: 0.000) (right: 0.000)  (top: 0.000) ]
[2019-05-24 17:38:18,139-_base.py-DEBUG:update_title_pos]
[2019-05-24 17:38:18,141-_constrained_layout.py-DEBUG:left -0.175353]
[2019-05-24 17:38:18,141-_constrained_layout.py-DEBUG:right -0.175353]
[2019-05-24 17:38:18,141-_constrained_layout.py-DEBUG:bottom 0.015966]
[2019-05-24 17:38:18,141-_constrained_layout.py-DEBUG:LayoutBox: gridspec000006.ss000007.ax000008, (left: 0.000) (bot: 0.000) (right: 1.000)  (top: 1.000) ]
[2019-05-24 17:38:18,142-_base.py-DEBUG:update_title_pos]
[2019-05-24 17:38:18,143-_constrained_layout.py-DEBUG:left -0.236148]
[2019-05-24 17:38:18,144-_constrained_layout.py-DEBUG:right -0.236148]
[2019-05-24 17:38:18,144-_constrained_layout.py-DEBUG:bottom 0.015966]
[2019-05-24 17:38:18,145-_base.py-DEBUG:update_title_pos]
[2019-05-24 17:38:48,452-PngImagePlugin.py-DEBUG:STREAM b'IHDR' 16 13]
[2019-05-24 17:38:48,453-PngImagePlugin.py-DEBUG:STREAM b'sRGB' 41 1]
[2019-05-24 17:38:48,453-PngImagePlugin.py-DEBUG:STREAM b'gAMA' 54 4]
[2019-05-24 17:38:48,453-PngImagePlugin.py-DEBUG:STREAM b'pHYs' 70 9]
[2019-05-24 17:38:48,453-PngImagePlugin.py-DEBUG:STREAM b'IDAT' 91 65445]
[2019-05-24 17:38:48,568-figure.py-DEBUG:Executing constrainedlayout]
[2019-05-24 17:38:48,568-_constrained_layout.py-DEBUG:LayoutBox: gridspec000000.ss000001.ax000002, (left: 0.000) (bot: 0.000) (right: 0.000)  (top: 0.000) ]
[2019-05-24 17:38:48,569-_base.py-DEBUG:update_title_pos]
[2019-05-24 17:38:48,571-_constrained_layout.py-DEBUG:left -0.000993]
[2019-05-24 17:38:48,572-_constrained_layout.py-DEBUG:right -0.000993]
[2019-05-24 17:38:48,572-_constrained_layout.py-DEBUG:bottom 0.015966]
[2019-05-24 17:38:48,572-_constrained_layout.py-DEBUG:LayoutBox: gridspec000000.ss000001.ax000002, (left: 0.000) (bot: 0.000) (right: 1.000)  (top: 1.000) ]
[2019-05-24 17:38:48,573-_base.py-DEBUG:update_title_pos]
[2019-05-24 17:38:48,574-_constrained_layout.py-DEBUG:left -0.016937]
[2019-05-24 17:38:48,575-_constrained_layout.py-DEBUG:right -0.016937]
[2019-05-24 17:38:48,575-_constrained_layout.py-DEBUG:bottom 0.015966]
[2019-05-24 17:38:48,576-_base.py-DEBUG:update_title_pos]
[2019-05-24 17:38:57,106-PngImagePlugin.py-DEBUG:STREAM b'IHDR' 16 13]
[2019-05-24 17:38:57,106-PngImagePlugin.py-DEBUG:STREAM b'sRGB' 41 1]
[2019-05-24 17:38:57,106-PngImagePlugin.py-DEBUG:STREAM b'gAMA' 54 4]
[2019-05-24 17:38:57,106-PngImagePlugin.py-DEBUG:STREAM b'pHYs' 70 9]
[2019-05-24 17:38:57,106-PngImagePlugin.py-DEBUG:STREAM b'IDAT' 91 65445]
[2019-05-24 17:38:57,131-figure.py-DEBUG:Executing constrainedlayout]
[2019-05-24 17:38:57,131-_constrained_layout.py-DEBUG:LayoutBox: gridspec000003.ss000004.ax000005, (left: 0.000) (bot: 0.000) (right: 0.000)  (top: 0.000) ]
[2019-05-24 17:38:57,132-_base.py-DEBUG:update_title_pos]
[2019-05-24 17:38:57,138-_constrained_layout.py-DEBUG:left -0.000993]
[2019-05-24 17:38:57,138-_constrained_layout.py-DEBUG:right -0.000993]
[2019-05-24 17:38:57,138-_constrained_layout.py-DEBUG:bottom 0.015966]
[2019-05-24 17:38:57,139-_constrained_layout.py-DEBUG:LayoutBox: gridspec000003.ss000004.ax000005, (left: 0.000) (bot: 0.000) (right: 1.000)  (top: 1.000) ]
[2019-05-24 17:38:57,140-_base.py-DEBUG:update_title_pos]
[2019-05-24 17:38:57,143-_constrained_layout.py-DEBUG:left -0.016937]
[2019-05-24 17:38:57,144-_constrained_layout.py-DEBUG:right -0.016937]
[2019-05-24 17:38:57,144-_constrained_layout.py-DEBUG:bottom 0.015966]
[2019-05-24 17:38:57,146-_base.py-DEBUG:update_title_pos]
[2019-05-24 17:39:00,418-PngImagePlugin.py-DEBUG:STREAM b'IHDR' 16 13]
[2019-05-24 17:39:00,418-PngImagePlugin.py-DEBUG:STREAM b'sRGB' 41 1]
[2019-05-24 17:39:00,418-PngImagePlugin.py-DEBUG:STREAM b'gAMA' 54 4]
[2019-05-24 17:39:00,418-PngImagePlugin.py-DEBUG:STREAM b'pHYs' 70 9]
[2019-05-24 17:39:00,418-PngImagePlugin.py-DEBUG:STREAM b'IDAT' 91 65445]
[2019-05-24 17:39:00,434-figure.py-DEBUG:Executing constrainedlayout]
[2019-05-24 17:39:00,434-_constrained_layout.py-DEBUG:LayoutBox: gridspec000006.ss000007.ax000008, (left: 0.000) (bot: 0.000) (right: 0.000)  (top: 0.000) ]
[2019-05-24 17:39:00,435-_base.py-DEBUG:update_title_pos]
[2019-05-24 17:39:00,436-_constrained_layout.py-DEBUG:left -0.019983]
[2019-05-24 17:39:00,437-_constrained_layout.py-DEBUG:right -0.019983]
[2019-05-24 17:39:00,437-_constrained_layout.py-DEBUG:bottom 0.015966]
[2019-05-24 17:39:00,437-_constrained_layout.py-DEBUG:LayoutBox: gridspec000006.ss000007.ax000008, (left: 0.000) (bot: 0.000) (right: 1.000)  (top: 1.000) ]
[2019-05-24 17:39:00,438-_base.py-DEBUG:update_title_pos]
[2019-05-24 17:39:00,439-_constrained_layout.py-DEBUG:left -0.040812]
[2019-05-24 17:39:00,439-_constrained_layout.py-DEBUG:right -0.040812]
[2019-05-24 17:39:00,439-_constrained_layout.py-DEBUG:bottom 0.015966]
[2019-05-24 17:39:00,440-_base.py-DEBUG:update_title_pos]
[2019-05-24 17:39:20,559-PngImagePlugin.py-DEBUG:STREAM b'IHDR' 16 13]
[2019-05-24 17:39:20,560-PngImagePlugin.py-DEBUG:STREAM b'sRGB' 41 1]
[2019-05-24 17:39:20,560-PngImagePlugin.py-DEBUG:STREAM b'gAMA' 54 4]
[2019-05-24 17:39:20,560-PngImagePlugin.py-DEBUG:STREAM b'pHYs' 70 9]
[2019-05-24 17:39:20,560-PngImagePlugin.py-DEBUG:STREAM b'IDAT' 91 65445]
[2019-05-24 17:39:20,663-figure.py-DEBUG:Executing constrainedlayout]
[2019-05-24 17:39:20,663-_constrained_layout.py-DEBUG:LayoutBox: gridspec000000.ss000001.ax000002, (left: 0.000) (bot: 0.000) (right: 0.000)  (top: 0.000) ]
[2019-05-24 17:39:20,665-_base.py-DEBUG:update_title_pos]
[2019-05-24 17:39:20,666-_constrained_layout.py-DEBUG:left -0.000993]
[2019-05-24 17:39:20,667-_constrained_layout.py-DEBUG:right -0.000993]
[2019-05-24 17:39:20,667-_constrained_layout.py-DEBUG:bottom 0.015966]
[2019-05-24 17:39:20,668-_constrained_layout.py-DEBUG:LayoutBox: gridspec000000.ss000001.ax000002, (left: 0.000) (bot: 0.000) (right: 1.000)  (top: 1.000) ]
[2019-05-24 17:39:20,668-_base.py-DEBUG:update_title_pos]
[2019-05-24 17:39:20,670-_constrained_layout.py-DEBUG:left -0.016937]
[2019-05-24 17:39:20,670-_constrained_layout.py-DEBUG:right -0.016937]
[2019-05-24 17:39:20,670-_constrained_layout.py-DEBUG:bottom 0.015966]
[2019-05-24 17:39:20,672-_base.py-DEBUG:update_title_pos]
[2019-05-24 17:39:28,716-PngImagePlugin.py-DEBUG:STREAM b'IHDR' 16 13]
[2019-05-24 17:39:28,716-PngImagePlugin.py-DEBUG:STREAM b'sRGB' 41 1]
[2019-05-24 17:39:28,717-PngImagePlugin.py-DEBUG:STREAM b'gAMA' 54 4]
[2019-05-24 17:39:28,717-PngImagePlugin.py-DEBUG:STREAM b'pHYs' 70 9]
[2019-05-24 17:39:28,717-PngImagePlugin.py-DEBUG:STREAM b'IDAT' 91 65445]
[2019-05-24 17:39:28,742-figure.py-DEBUG:Executing constrainedlayout]
[2019-05-24 17:39:28,743-_constrained_layout.py-DEBUG:LayoutBox: gridspec000003.ss000004.ax000005, (left: 0.000) (bot: 0.000) (right: 0.000)  (top: 0.000) ]
[2019-05-24 17:39:28,744-_base.py-DEBUG:update_title_pos]
[2019-05-24 17:39:28,749-_constrained_layout.py-DEBUG:left -0.000993]
[2019-05-24 17:39:28,749-_constrained_layout.py-DEBUG:right -0.000993]
[2019-05-24 17:39:28,749-_constrained_layout.py-DEBUG:bottom 0.015966]
[2019-05-24 17:39:28,750-_constrained_layout.py-DEBUG:LayoutBox: gridspec000003.ss000004.ax000005, (left: 0.000) (bot: 0.000) (right: 1.000)  (top: 1.000) ]
[2019-05-24 17:39:28,751-_base.py-DEBUG:update_title_pos]
[2019-05-24 17:39:28,754-_constrained_layout.py-DEBUG:left -0.016937]
[2019-05-24 17:39:28,755-_constrained_layout.py-DEBUG:right -0.016937]
[2019-05-24 17:39:28,755-_constrained_layout.py-DEBUG:bottom 0.015966]
[2019-05-24 17:39:28,757-_base.py-DEBUG:update_title_pos]
[2019-05-24 17:39:31,770-PngImagePlugin.py-DEBUG:STREAM b'IHDR' 16 13]
[2019-05-24 17:39:31,771-PngImagePlugin.py-DEBUG:STREAM b'sRGB' 41 1]
[2019-05-24 17:39:31,771-PngImagePlugin.py-DEBUG:STREAM b'gAMA' 54 4]
[2019-05-24 17:39:31,771-PngImagePlugin.py-DEBUG:STREAM b'pHYs' 70 9]
[2019-05-24 17:39:31,771-PngImagePlugin.py-DEBUG:STREAM b'IDAT' 91 65445]
[2019-05-24 17:39:31,787-figure.py-DEBUG:Executing constrainedlayout]
[2019-05-24 17:39:31,787-_constrained_layout.py-DEBUG:LayoutBox: gridspec000006.ss000007.ax000008, (left: 0.000) (bot: 0.000) (right: 0.000)  (top: 0.000) ]
[2019-05-24 17:39:31,788-_base.py-DEBUG:update_title_pos]
[2019-05-24 17:39:31,789-_constrained_layout.py-DEBUG:left -0.019983]
[2019-05-24 17:39:31,790-_constrained_layout.py-DEBUG:right -0.019983]
[2019-05-24 17:39:31,790-_constrained_layout.py-DEBUG:bottom 0.015966]
[2019-05-24 17:39:31,790-_constrained_layout.py-DEBUG:LayoutBox: gridspec000006.ss000007.ax000008, (left: 0.000) (bot: 0.000) (right: 1.000)  (top: 1.000) ]
[2019-05-24 17:39:31,791-_base.py-DEBUG:update_title_pos]
[2019-05-24 17:39:31,792-_constrained_layout.py-DEBUG:left -0.040812]
[2019-05-24 17:39:31,792-_constrained_layout.py-DEBUG:right -0.040812]
[2019-05-24 17:39:31,792-_constrained_layout.py-DEBUG:bottom 0.015966]
[2019-05-24 17:39:31,793-_base.py-DEBUG:update_title_pos]
[2019-05-24 17:39:33,334-figure.py-DEBUG:Executing constrainedlayout]
[2019-05-24 17:39:33,334-_constrained_layout.py-DEBUG:LayoutBox: gridspec000009.ss000010.ax000011, (left: 0.000) (bot: 0.000) (right: 0.000)  (top: 0.000) ]
[2019-05-24 17:39:33,350-font_manager.py-DEBUG:findfont: Matching :family=sans-serif:style=normal:variant=normal:weight=normal:stretch=normal:size=10.0 to DejaVu Sans ('E:\\Python36\\lib\\site-packages\\matplotlib\\mpl-data\\fonts\\ttf\\DejaVuSans.ttf') with score of 0.050000.]
[2019-05-24 17:39:33,355-_base.py-DEBUG:update_title_pos]
[2019-05-24 17:39:33,391-_constrained_layout.py-DEBUG:left 0.096295]
[2019-05-24 17:39:33,391-_constrained_layout.py-DEBUG:right 0.020500]
[2019-05-24 17:39:33,391-_constrained_layout.py-DEBUG:bottom 0.106855]
[2019-05-24 17:39:33,391-_constrained_layout.py-DEBUG:LayoutBox: gridspec000009.ss000010.ax000011, (left: 0.000) (bot: 0.000) (right: 1.000)  (top: 1.000) ]
[2019-05-24 17:39:33,406-_base.py-DEBUG:update_title_pos]
[2019-05-24 17:39:33,429-_constrained_layout.py-DEBUG:left 0.096295]
[2019-05-24 17:39:33,429-_constrained_layout.py-DEBUG:right 0.020500]
[2019-05-24 17:39:33,429-_constrained_layout.py-DEBUG:bottom 0.106855]
[2019-05-24 17:39:33,430-_base.py-DEBUG:update_title_pos]
[2019-05-24 17:39:43,043-figure.py-DEBUG:Executing constrainedlayout]
[2019-05-24 17:39:43,043-_constrained_layout.py-DEBUG:LayoutBox: gridspec000012.ss000013.ax000014, (left: 0.000) (bot: 0.000) (right: 0.000)  (top: 0.000) ]
[2019-05-24 17:39:43,057-_base.py-DEBUG:update_title_pos]
[2019-05-24 17:39:43,084-_constrained_layout.py-DEBUG:left 0.060867]
[2019-05-24 17:39:43,085-_constrained_layout.py-DEBUG:right 0.020500]
[2019-05-24 17:39:43,085-_constrained_layout.py-DEBUG:bottom 0.106855]
[2019-05-24 17:39:43,085-_constrained_layout.py-DEBUG:LayoutBox: gridspec000012.ss000013.ax000014, (left: 0.000) (bot: 0.000) (right: 1.000)  (top: 1.000) ]
[2019-05-24 17:39:43,100-_base.py-DEBUG:update_title_pos]
[2019-05-24 17:39:43,130-_constrained_layout.py-DEBUG:left 0.060867]
[2019-05-24 17:39:43,131-_constrained_layout.py-DEBUG:right 0.020500]
[2019-05-24 17:39:43,131-_constrained_layout.py-DEBUG:bottom 0.106855]
[2019-05-24 17:39:43,132-_base.py-DEBUG:update_title_pos]
[2019-05-24 17:39:46,431-figure.py-DEBUG:Executing constrainedlayout]
[2019-05-24 17:39:46,431-_constrained_layout.py-DEBUG:LayoutBox: gridspec000015.ss000016.ax000017, (left: 0.000) (bot: 0.000) (right: 0.000)  (top: 0.000) ]
[2019-05-24 17:39:46,471-_base.py-DEBUG:update_title_pos]
[2019-05-24 17:39:46,497-_constrained_layout.py-DEBUG:left 0.060867]
[2019-05-24 17:39:46,497-_constrained_layout.py-DEBUG:right 0.020500]
[2019-05-24 17:39:46,497-_constrained_layout.py-DEBUG:bottom 0.106855]
[2019-05-24 17:39:46,498-_constrained_layout.py-DEBUG:LayoutBox: gridspec000015.ss000016.ax000017, (left: 0.000) (bot: 0.000) (right: 1.000)  (top: 1.000) ]
[2019-05-24 17:39:46,512-_base.py-DEBUG:update_title_pos]
[2019-05-24 17:39:46,543-_constrained_layout.py-DEBUG:left 0.060867]
[2019-05-24 17:39:46,543-_constrained_layout.py-DEBUG:right 0.020500]
[2019-05-24 17:39:46,544-_constrained_layout.py-DEBUG:bottom 0.106855]
[2019-05-24 17:39:46,545-_base.py-DEBUG:update_title_pos]
[2019-05-24 17:39:47,064-figure.py-DEBUG:Executing constrainedlayout]
[2019-05-24 17:39:47,064-_constrained_layout.py-DEBUG:LayoutBox: gridspec000018.ss000019.ax000020, (left: 0.000) (bot: 0.000) (right: 0.000)  (top: 0.000) ]
[2019-05-24 17:39:47,078-_base.py-DEBUG:update_title_pos]
[2019-05-24 17:39:47,106-_constrained_layout.py-DEBUG:left 0.060867]
[2019-05-24 17:39:47,106-_constrained_layout.py-DEBUG:right 0.020500]
[2019-05-24 17:39:47,106-_constrained_layout.py-DEBUG:bottom 0.106855]
[2019-05-24 17:39:47,107-_constrained_layout.py-DEBUG:LayoutBox: gridspec000018.ss000019.ax000020, (left: 0.000) (bot: 0.000) (right: 1.000)  (top: 1.000) ]
[2019-05-24 17:39:47,121-_base.py-DEBUG:update_title_pos]
[2019-05-24 17:39:47,152-_constrained_layout.py-DEBUG:left 0.060867]
[2019-05-24 17:39:47,152-_constrained_layout.py-DEBUG:right 0.020500]
[2019-05-24 17:39:47,152-_constrained_layout.py-DEBUG:bottom 0.106855]
[2019-05-24 17:39:47,153-_base.py-DEBUG:update_title_pos]
[2019-05-24 17:39:47,309-figure.py-DEBUG:Executing constrainedlayout]
[2019-05-24 17:39:47,310-_constrained_layout.py-DEBUG:LayoutBox: gridspec000021.ss000022.ax000023, (left: 0.000) (bot: 0.000) (right: 0.000)  (top: 0.000) ]
[2019-05-24 17:39:47,324-_base.py-DEBUG:update_title_pos]
[2019-05-24 17:39:47,351-_constrained_layout.py-DEBUG:left 0.060867]
[2019-05-24 17:39:47,351-_constrained_layout.py-DEBUG:right 0.020500]
[2019-05-24 17:39:47,352-_constrained_layout.py-DEBUG:bottom 0.106855]
[2019-05-24 17:39:47,352-_constrained_layout.py-DEBUG:LayoutBox: gridspec000021.ss000022.ax000023, (left: 0.000) (bot: 0.000) (right: 1.000)  (top: 1.000) ]
[2019-05-24 17:39:47,367-_base.py-DEBUG:update_title_pos]
[2019-05-24 17:39:47,398-_constrained_layout.py-DEBUG:left 0.060867]
[2019-05-24 17:39:47,398-_constrained_layout.py-DEBUG:right 0.020500]
[2019-05-24 17:39:47,398-_constrained_layout.py-DEBUG:bottom 0.106855]
[2019-05-24 17:39:47,399-_base.py-DEBUG:update_title_pos]
[2019-05-24 17:39:47,543-figure.py-DEBUG:Executing constrainedlayout]
[2019-05-24 17:39:47,544-_constrained_layout.py-DEBUG:LayoutBox: gridspec000024.ss000025.ax000026, (left: 0.000) (bot: 0.000) (right: 0.000)  (top: 0.000) ]
[2019-05-24 17:39:47,558-_base.py-DEBUG:update_title_pos]
[2019-05-24 17:39:47,585-_constrained_layout.py-DEBUG:left 0.060867]
[2019-05-24 17:39:47,585-_constrained_layout.py-DEBUG:right 0.020500]
[2019-05-24 17:39:47,585-_constrained_layout.py-DEBUG:bottom 0.106855]
[2019-05-24 17:39:47,586-_constrained_layout.py-DEBUG:LayoutBox: gridspec000024.ss000025.ax000026, (left: 0.000) (bot: 0.000) (right: 1.000)  (top: 1.000) ]
[2019-05-24 17:39:47,600-_base.py-DEBUG:update_title_pos]
[2019-05-24 17:39:47,630-_constrained_layout.py-DEBUG:left 0.060867]
[2019-05-24 17:39:47,631-_constrained_layout.py-DEBUG:right 0.020500]
[2019-05-24 17:39:47,631-_constrained_layout.py-DEBUG:bottom 0.106855]
[2019-05-24 17:39:47,632-_base.py-DEBUG:update_title_pos]
[2019-05-24 17:41:38,539-PngImagePlugin.py-DEBUG:STREAM b'IHDR' 16 13]
[2019-05-24 17:41:38,539-PngImagePlugin.py-DEBUG:STREAM b'sRGB' 41 1]
[2019-05-24 17:41:38,539-PngImagePlugin.py-DEBUG:STREAM b'gAMA' 54 4]
[2019-05-24 17:41:38,539-PngImagePlugin.py-DEBUG:STREAM b'pHYs' 70 9]
[2019-05-24 17:41:38,540-PngImagePlugin.py-DEBUG:STREAM b'IDAT' 91 65445]
[2019-05-24 17:41:38,638-figure.py-DEBUG:Executing constrainedlayout]
[2019-05-24 17:41:38,638-_constrained_layout.py-DEBUG:LayoutBox: gridspec000000.ss000001.ax000002, (left: 0.000) (bot: 0.000) (right: 0.000)  (top: 0.000) ]
[2019-05-24 17:41:38,639-_base.py-DEBUG:update_title_pos]
[2019-05-24 17:41:38,642-_constrained_layout.py-DEBUG:left -0.000993]
[2019-05-24 17:41:38,643-_constrained_layout.py-DEBUG:right -0.000993]
[2019-05-24 17:41:38,643-_constrained_layout.py-DEBUG:bottom 0.015966]
[2019-05-24 17:41:38,644-_constrained_layout.py-DEBUG:LayoutBox: gridspec000000.ss000001.ax000002, (left: 0.000) (bot: 0.000) (right: 1.000)  (top: 1.000) ]
[2019-05-24 17:41:38,644-_base.py-DEBUG:update_title_pos]
[2019-05-24 17:41:38,646-_constrained_layout.py-DEBUG:left -0.016937]
[2019-05-24 17:41:38,646-_constrained_layout.py-DEBUG:right -0.016937]
[2019-05-24 17:41:38,646-_constrained_layout.py-DEBUG:bottom 0.015966]
[2019-05-24 17:41:38,648-_base.py-DEBUG:update_title_pos]
[2019-05-24 17:41:46,300-PngImagePlugin.py-DEBUG:STREAM b'IHDR' 16 13]
[2019-05-24 17:41:46,300-PngImagePlugin.py-DEBUG:STREAM b'sRGB' 41 1]
[2019-05-24 17:41:46,300-PngImagePlugin.py-DEBUG:STREAM b'gAMA' 54 4]
[2019-05-24 17:41:46,300-PngImagePlugin.py-DEBUG:STREAM b'pHYs' 70 9]
[2019-05-24 17:41:46,301-PngImagePlugin.py-DEBUG:STREAM b'IDAT' 91 65445]
[2019-05-24 17:41:46,327-figure.py-DEBUG:Executing constrainedlayout]
[2019-05-24 17:41:46,328-_constrained_layout.py-DEBUG:LayoutBox: gridspec000003.ss000004.ax000005, (left: 0.000) (bot: 0.000) (right: 0.000)  (top: 0.000) ]
[2019-05-24 17:41:46,329-_base.py-DEBUG:update_title_pos]
[2019-05-24 17:41:46,334-_constrained_layout.py-DEBUG:left -0.000993]
[2019-05-24 17:41:46,334-_constrained_layout.py-DEBUG:right -0.000993]
[2019-05-24 17:41:46,335-_constrained_layout.py-DEBUG:bottom 0.015966]
[2019-05-24 17:41:46,335-_constrained_layout.py-DEBUG:LayoutBox: gridspec000003.ss000004.ax000005, (left: 0.000) (bot: 0.000) (right: 1.000)  (top: 1.000) ]
[2019-05-24 17:41:46,337-_base.py-DEBUG:update_title_pos]
[2019-05-24 17:41:46,342-_constrained_layout.py-DEBUG:left -0.016937]
[2019-05-24 17:41:46,343-_constrained_layout.py-DEBUG:right -0.016937]
[2019-05-24 17:41:46,343-_constrained_layout.py-DEBUG:bottom 0.015966]
[2019-05-24 17:41:46,344-_base.py-DEBUG:update_title_pos]
[2019-05-24 17:41:49,678-PngImagePlugin.py-DEBUG:STREAM b'IHDR' 16 13]
[2019-05-24 17:41:49,678-PngImagePlugin.py-DEBUG:STREAM b'sRGB' 41 1]
[2019-05-24 17:41:49,678-PngImagePlugin.py-DEBUG:STREAM b'gAMA' 54 4]
[2019-05-24 17:41:49,678-PngImagePlugin.py-DEBUG:STREAM b'pHYs' 70 9]
[2019-05-24 17:41:49,678-PngImagePlugin.py-DEBUG:STREAM b'IDAT' 91 65445]
[2019-05-24 17:41:49,694-figure.py-DEBUG:Executing constrainedlayout]
[2019-05-24 17:41:49,695-_constrained_layout.py-DEBUG:LayoutBox: gridspec000006.ss000007.ax000008, (left: 0.000) (bot: 0.000) (right: 0.000)  (top: 0.000) ]
[2019-05-24 17:41:49,695-_base.py-DEBUG:update_title_pos]
[2019-05-24 17:41:49,697-_constrained_layout.py-DEBUG:left -0.019983]
[2019-05-24 17:41:49,697-_constrained_layout.py-DEBUG:right -0.019983]
[2019-05-24 17:41:49,697-_constrained_layout.py-DEBUG:bottom 0.015966]
[2019-05-24 17:41:49,698-_constrained_layout.py-DEBUG:LayoutBox: gridspec000006.ss000007.ax000008, (left: 0.000) (bot: 0.000) (right: 1.000)  (top: 1.000) ]
[2019-05-24 17:41:49,698-_base.py-DEBUG:update_title_pos]
[2019-05-24 17:41:49,700-_constrained_layout.py-DEBUG:left -0.040812]
[2019-05-24 17:41:49,700-_constrained_layout.py-DEBUG:right -0.040812]
[2019-05-24 17:41:49,700-_constrained_layout.py-DEBUG:bottom 0.015966]
[2019-05-24 17:41:49,701-_base.py-DEBUG:update_title_pos]
[2019-05-24 17:41:50,773-figure.py-DEBUG:Executing constrainedlayout]
[2019-05-24 17:41:50,774-_constrained_layout.py-DEBUG:LayoutBox: gridspec000009.ss000010.ax000011, (left: 0.000) (bot: 0.000) (right: 0.000)  (top: 0.000) ]
[2019-05-24 17:41:50,789-font_manager.py-DEBUG:findfont: Matching :family=sans-serif:style=normal:variant=normal:weight=normal:stretch=normal:size=10.0 to DejaVu Sans ('E:\\Python36\\lib\\site-packages\\matplotlib\\mpl-data\\fonts\\ttf\\DejaVuSans.ttf') with score of 0.050000.]
[2019-05-24 17:41:50,794-_base.py-DEBUG:update_title_pos]
[2019-05-24 17:41:50,830-_constrained_layout.py-DEBUG:left 0.096295]
[2019-05-24 17:41:50,830-_constrained_layout.py-DEBUG:right 0.020500]
[2019-05-24 17:41:50,830-_constrained_layout.py-DEBUG:bottom 0.106855]
[2019-05-24 17:41:50,831-_constrained_layout.py-DEBUG:LayoutBox: gridspec000009.ss000010.ax000011, (left: 0.000) (bot: 0.000) (right: 1.000)  (top: 1.000) ]
[2019-05-24 17:41:50,846-_base.py-DEBUG:update_title_pos]
[2019-05-24 17:41:50,869-_constrained_layout.py-DEBUG:left 0.096295]
[2019-05-24 17:41:50,870-_constrained_layout.py-DEBUG:right 0.020500]
[2019-05-24 17:41:50,870-_constrained_layout.py-DEBUG:bottom 0.106855]
[2019-05-24 17:41:50,871-_base.py-DEBUG:update_title_pos]
[2019-05-24 17:41:52,224-PngImagePlugin.py-DEBUG:STREAM b'IHDR' 16 13]
[2019-05-24 17:41:52,224-PngImagePlugin.py-DEBUG:STREAM b'sRGB' 41 1]
[2019-05-24 17:41:52,224-PngImagePlugin.py-DEBUG:STREAM b'gAMA' 54 4]
[2019-05-24 17:41:52,224-PngImagePlugin.py-DEBUG:STREAM b'pHYs' 70 9]
[2019-05-24 17:41:52,224-PngImagePlugin.py-DEBUG:STREAM b'IDAT' 91 65445]
[2019-05-24 17:41:52,239-figure.py-DEBUG:Executing constrainedlayout]
[2019-05-24 17:41:52,239-_constrained_layout.py-DEBUG:LayoutBox: gridspec000012.ss000013.ax000014, (left: 0.000) (bot: 0.000) (right: 0.000)  (top: 0.000) ]
[2019-05-24 17:41:52,240-_base.py-DEBUG:update_title_pos]
[2019-05-24 17:41:52,242-_constrained_layout.py-DEBUG:left -0.019983]
[2019-05-24 17:41:52,242-_constrained_layout.py-DEBUG:right -0.019983]
[2019-05-24 17:41:52,242-_constrained_layout.py-DEBUG:bottom 0.015966]
[2019-05-24 17:41:52,243-_constrained_layout.py-DEBUG:LayoutBox: gridspec000012.ss000013.ax000014, (left: 0.000) (bot: 0.000) (right: 1.000)  (top: 1.000) ]
[2019-05-24 17:41:52,243-_base.py-DEBUG:update_title_pos]
[2019-05-24 17:41:52,245-_constrained_layout.py-DEBUG:left -0.040812]
[2019-05-24 17:41:52,245-_constrained_layout.py-DEBUG:right -0.040812]
[2019-05-24 17:41:52,245-_constrained_layout.py-DEBUG:bottom 0.015966]
[2019-05-24 17:41:52,246-_base.py-DEBUG:update_title_pos]
[2019-05-24 17:41:57,252-PngImagePlugin.py-DEBUG:STREAM b'IHDR' 16 13]
[2019-05-24 17:41:57,252-PngImagePlugin.py-DEBUG:STREAM b'sRGB' 41 1]
[2019-05-24 17:41:57,252-PngImagePlugin.py-DEBUG:STREAM b'gAMA' 54 4]
[2019-05-24 17:41:57,252-PngImagePlugin.py-DEBUG:STREAM b'pHYs' 70 9]
[2019-05-24 17:41:57,252-PngImagePlugin.py-DEBUG:STREAM b'IDAT' 91 65445]
[2019-05-24 17:41:57,266-figure.py-DEBUG:Executing constrainedlayout]
[2019-05-24 17:41:57,266-_constrained_layout.py-DEBUG:LayoutBox: gridspec000015.ss000016.ax000017, (left: 0.000) (bot: 0.000) (right: 0.000)  (top: 0.000) ]
[2019-05-24 17:41:57,267-_base.py-DEBUG:update_title_pos]
[2019-05-24 17:41:57,269-_constrained_layout.py-DEBUG:left -0.175353]
[2019-05-24 17:41:57,269-_constrained_layout.py-DEBUG:right -0.175353]
[2019-05-24 17:41:57,269-_constrained_layout.py-DEBUG:bottom 0.015966]
[2019-05-24 17:41:57,269-_constrained_layout.py-DEBUG:LayoutBox: gridspec000015.ss000016.ax000017, (left: 0.000) (bot: 0.000) (right: 1.000)  (top: 1.000) ]
[2019-05-24 17:41:57,270-_base.py-DEBUG:update_title_pos]
[2019-05-24 17:41:57,271-_constrained_layout.py-DEBUG:left -0.236148]
[2019-05-24 17:41:57,271-_constrained_layout.py-DEBUG:right -0.236148]
[2019-05-24 17:41:57,271-_constrained_layout.py-DEBUG:bottom 0.015966]
[2019-05-24 17:41:57,272-_base.py-DEBUG:update_title_pos]
[2019-05-24 17:42:02,556-figure.py-DEBUG:Executing constrainedlayout]
[2019-05-24 17:42:02,556-_constrained_layout.py-DEBUG:LayoutBox: gridspec000018.ss000019.ax000020, (left: 0.000) (bot: 0.000) (right: 0.000)  (top: 0.000) ]
[2019-05-24 17:42:02,573-_base.py-DEBUG:update_title_pos]
[2019-05-24 17:42:02,578-font_manager.py-DEBUG:findfont: Matching :family=sans-serif:style=normal:variant=normal:weight=normal:stretch=normal:size=12.0 to DejaVu Sans ('E:\\Python36\\lib\\site-packages\\matplotlib\\mpl-data\\fonts\\ttf\\DejaVuSans.ttf') with score of 0.050000.]
[2019-05-24 17:42:02,635-_constrained_layout.py-DEBUG:left 0.127043]
[2019-05-24 17:42:02,635-_constrained_layout.py-DEBUG:right 0.020500]
[2019-05-24 17:42:02,635-_constrained_layout.py-DEBUG:bottom 0.106855]
[2019-05-24 17:42:02,635-_constrained_layout.py-DEBUG:LayoutBox: gridspec000018.ss000019.ax000020, (left: 0.000) (bot: 0.000) (right: 1.000)  (top: 1.000) ]
[2019-05-24 17:42:02,642-_base.py-DEBUG:update_title_pos]
[2019-05-24 17:42:02,664-_constrained_layout.py-DEBUG:left 0.127043]
[2019-05-24 17:42:02,664-_constrained_layout.py-DEBUG:right 0.020500]
[2019-05-24 17:42:02,664-_constrained_layout.py-DEBUG:bottom 0.106855]
[2019-05-24 17:42:02,664-_base.py-DEBUG:update_title_pos]
[2019-05-24 17:42:04,250-figure.py-DEBUG:Executing constrainedlayout]
[2019-05-24 17:42:04,251-_constrained_layout.py-DEBUG:LayoutBox: gridspec000021.ss000022.ax000023, (left: 0.000) (bot: 0.000) (right: 0.000)  (top: 0.000) ]
[2019-05-24 17:42:04,265-_base.py-DEBUG:update_title_pos]
[2019-05-24 17:42:04,294-_constrained_layout.py-DEBUG:left 0.084263]
[2019-05-24 17:42:04,294-_constrained_layout.py-DEBUG:right 0.020500]
[2019-05-24 17:42:04,294-_constrained_layout.py-DEBUG:bottom 0.106855]
[2019-05-24 17:42:04,294-_constrained_layout.py-DEBUG:LayoutBox: gridspec000021.ss000022.ax000023, (left: 0.000) (bot: 0.000) (right: 1.000)  (top: 1.000) ]
[2019-05-24 17:42:04,309-_base.py-DEBUG:update_title_pos]
[2019-05-24 17:42:04,331-_constrained_layout.py-DEBUG:left 0.084263]
[2019-05-24 17:42:04,331-_constrained_layout.py-DEBUG:right 0.020500]
[2019-05-24 17:42:04,331-_constrained_layout.py-DEBUG:bottom 0.106855]
[2019-05-24 17:42:04,332-_base.py-DEBUG:update_title_pos]
[2019-05-24 17:42:05,184-PngImagePlugin.py-DEBUG:STREAM b'IHDR' 16 13]
[2019-05-24 17:42:05,185-PngImagePlugin.py-DEBUG:STREAM b'sRGB' 41 1]
[2019-05-24 17:42:05,185-PngImagePlugin.py-DEBUG:STREAM b'gAMA' 54 4]
[2019-05-24 17:42:05,185-PngImagePlugin.py-DEBUG:STREAM b'pHYs' 70 9]
[2019-05-24 17:42:05,185-PngImagePlugin.py-DEBUG:STREAM b'IDAT' 91 65445]
[2019-05-24 17:42:05,197-figure.py-DEBUG:Executing constrainedlayout]
[2019-05-24 17:42:05,198-_constrained_layout.py-DEBUG:LayoutBox: gridspec000024.ss000025.ax000026, (left: 0.000) (bot: 0.000) (right: 0.000)  (top: 0.000) ]
[2019-05-24 17:42:05,198-_base.py-DEBUG:update_title_pos]
[2019-05-24 17:42:05,200-_constrained_layout.py-DEBUG:left -0.175353]
[2019-05-24 17:42:05,200-_constrained_layout.py-DEBUG:right -0.175353]
[2019-05-24 17:42:05,200-_constrained_layout.py-DEBUG:bottom 0.015966]
[2019-05-24 17:42:05,201-_constrained_layout.py-DEBUG:LayoutBox: gridspec000024.ss000025.ax000026, (left: 0.000) (bot: 0.000) (right: 1.000)  (top: 1.000) ]
[2019-05-24 17:42:05,201-_base.py-DEBUG:update_title_pos]
[2019-05-24 17:42:05,203-_constrained_layout.py-DEBUG:left -0.236148]
[2019-05-24 17:42:05,203-_constrained_layout.py-DEBUG:right -0.236148]
[2019-05-24 17:42:05,203-_constrained_layout.py-DEBUG:bottom 0.015966]
[2019-05-24 17:42:05,204-_base.py-DEBUG:update_title_pos]
[2019-05-24 17:42:06,346-figure.py-DEBUG:Executing constrainedlayout]
[2019-05-24 17:42:06,346-_constrained_layout.py-DEBUG:LayoutBox: gridspec000027.ss000028.ax000029, (left: 0.000) (bot: 0.000) (right: 0.000)  (top: 0.000) ]
[2019-05-24 17:42:06,363-_base.py-DEBUG:update_title_pos]
[2019-05-24 17:42:06,395-_constrained_layout.py-DEBUG:left 0.127043]
[2019-05-24 17:42:06,395-_constrained_layout.py-DEBUG:right 0.020500]
[2019-05-24 17:42:06,395-_constrained_layout.py-DEBUG:bottom 0.106855]
[2019-05-24 17:42:06,396-_constrained_layout.py-DEBUG:LayoutBox: gridspec000027.ss000028.ax000029, (left: 0.000) (bot: 0.000) (right: 1.000)  (top: 1.000) ]
[2019-05-24 17:42:06,403-_base.py-DEBUG:update_title_pos]
[2019-05-24 17:42:06,424-_constrained_layout.py-DEBUG:left 0.127043]
[2019-05-24 17:42:06,424-_constrained_layout.py-DEBUG:right 0.020500]
[2019-05-24 17:42:06,425-_constrained_layout.py-DEBUG:bottom 0.106855]
[2019-05-24 17:42:06,425-_base.py-DEBUG:update_title_pos]
